[ 2017-05-17T17:06:49+08:00 ] 127.0.0.1 /
INFO: [ app_init ] --START--
INFO: Run Behavior\BuildLiteBehavior [ RunTime:0.000000s ]
INFO: [ app_init ] --END-- [ RunTime:0.003000s ]
INFO: [ app_begin ] --START--
INFO: Run Behavior\ReadHtmlCacheBehavior [ RunTime:0.002000s ]
INFO: [ app_begin ] --END-- [ RunTime:0.003000s ]
SQL: SHOW COLUMNS FROM `movie` [ RunTime:0.0120s ]
SQL: select id,title,rate,cover from movie WHERE is_new=1 [ RunTime:0.1000s ]
INFO: [ view_parse ] --START--
INFO: [ template_filter ] --START--
INFO: Run Behavior\ContentReplaceBehavior [ RunTime:0.001000s ]
INFO: [ template_filter ] --END-- [ RunTime:0.002000s ]
NOTIC: [8] Undefined variable: page E:\wamp\www\movie\recommend\Application\Runtime\Cache\Home\2a94b8bda04ff446dcedd42276fc99ee.php 第 102 行.
INFO: Run Behavior\ParseTemplateBehavior [ RunTime:0.049002s ]
INFO: [ view_parse ] --END-- [ RunTime:0.050003s ]
INFO: [ view_filter ] --START--
INFO: Run Behavior\WriteHtmlCacheBehavior [ RunTime:0.002000s ]
INFO: [ view_filter ] --END-- [ RunTime:0.003001s ]
INFO: [ app_end ] --START--
INFO: Run Behavior\ShowPageTraceBehavior [ RunTime:0.002000s ]
INFO: [ app_end ] --END-- [ RunTime:0.003000s ]

