[ 2017-05-10T11:22:36+08:00 ] 127.0.0.1 /index.php/Home/Recommend
INFO: [ app_init ] --START--
INFO: Run Behavior\BuildLiteBehavior [ RunTime:0.000000s ]
INFO: [ app_init ] --END-- [ RunTime:0.000000s ]
INFO: [ app_begin ] --START--
INFO: Run Behavior\ReadHtmlCacheBehavior [ RunTime:0.001000s ]
INFO: [ app_begin ] --END-- [ RunTime:0.001000s ]
SQL: SHOW COLUMNS FROM `movie` [ RunTime:0.0040s ]
SQL: SHOW COLUMNS FROM `user_score` [ RunTime:0.0030s ]
SQL: SHOW COLUMNS FROM `user_taste_value` [ RunTime:0.0050s ]
SQL: SHOW COLUMNS FROM `movie` [ RunTime:0.0040s ]
SQL: select * from USER where username = '杨月' AND password ='123456' [ RunTime:0.0000s ]
SQL: select movie_id from user_score WHERE  user_name = '杨月' [ RunTime:0.0010s ]
SQL: select id,style from movie [ RunTime:0.0700s ]

[ 2017-05-10T11:22:37+08:00 ] 127.0.0.1 /index.php/Home/Recommend
INFO: [ app_init ] --START--
INFO: Run Behavior\BuildLiteBehavior [ RunTime:0.000000s ]
INFO: [ app_init ] --END-- [ RunTime:0.000000s ]
INFO: [ app_begin ] --START--
INFO: Run Behavior\ReadHtmlCacheBehavior [ RunTime:0.001000s ]
INFO: [ app_begin ] --END-- [ RunTime:0.001000s ]
SQL: SHOW COLUMNS FROM `movie` [ RunTime:0.0060s ]
SQL: SHOW COLUMNS FROM `user_score` [ RunTime:0.0050s ]
SQL: SHOW COLUMNS FROM `user_taste_value` [ RunTime:0.0040s ]
SQL: SHOW COLUMNS FROM `movie` [ RunTime:0.0040s ]
SQL: select * from USER where username = '杨月' AND password ='123456' [ RunTime:0.0000s ]
SQL: select movie_id from user_score WHERE  user_name = '杨月' [ RunTime:0.0010s ]
SQL: select id,style from movie [ RunTime:0.0680s ]

[ 2017-05-10T11:22:57+08:00 ] 127.0.0.1 /index.php/Home/Recommend
INFO: [ app_init ] --START--
INFO: Run Behavior\BuildLiteBehavior [ RunTime:0.000000s ]
INFO: [ app_init ] --END-- [ RunTime:0.000000s ]
INFO: [ app_begin ] --START--
INFO: Run Behavior\ReadHtmlCacheBehavior [ RunTime:0.001000s ]
INFO: [ app_begin ] --END-- [ RunTime:0.001000s ]
SQL: SHOW COLUMNS FROM `movie` [ RunTime:0.0040s ]
SQL: SHOW COLUMNS FROM `user_score` [ RunTime:0.0030s ]
SQL: SHOW COLUMNS FROM `user_taste_value` [ RunTime:0.0040s ]
SQL: SHOW COLUMNS FROM `movie` [ RunTime:0.0060s ]
SQL: select * from USER where username = '杨月' AND password ='123456' [ RunTime:0.0000s ]
SQL: select movie_id from user_score WHERE  user_name = '杨月' [ RunTime:0.0000s ]
SQL: select id,style from movie [ RunTime:0.0720s ]
NOTIC: [2] Illegal string offset 'style' E:\wamp\www\movie\recommend\Application\Home\Controller\RecommendController.class.php 第 97 行.

[ 2017-05-10T11:22:59+08:00 ] 127.0.0.1 /index.php/Home/Recommend
INFO: [ app_init ] --START--
INFO: Run Behavior\BuildLiteBehavior [ RunTime:0.000000s ]
INFO: [ app_init ] --END-- [ RunTime:0.001000s ]
INFO: [ app_begin ] --START--
INFO: Run Behavior\ReadHtmlCacheBehavior [ RunTime:0.001000s ]
INFO: [ app_begin ] --END-- [ RunTime:0.001000s ]
SQL: SHOW COLUMNS FROM `movie` [ RunTime:0.0040s ]
SQL: SHOW COLUMNS FROM `user_score` [ RunTime:0.0060s ]
SQL: SHOW COLUMNS FROM `user_taste_value` [ RunTime:0.0060s ]
SQL: SHOW COLUMNS FROM `movie` [ RunTime:0.0050s ]
SQL: select * from USER where username = '杨月' AND password ='123456' [ RunTime:0.0000s ]
SQL: select movie_id from user_score WHERE  user_name = '杨月' [ RunTime:0.0000s ]
SQL: select id,style from movie [ RunTime:0.0680s ]
NOTIC: [2] Illegal string offset 'style' E:\wamp\www\movie\recommend\Application\Home\Controller\RecommendController.class.php 第 97 行.

[ 2017-05-10T11:23:27+08:00 ] 127.0.0.1 /index.php/Home/Recommend
INFO: [ app_init ] --START--
INFO: Run Behavior\BuildLiteBehavior [ RunTime:0.000000s ]
INFO: [ app_init ] --END-- [ RunTime:0.001000s ]
INFO: [ app_begin ] --START--
INFO: Run Behavior\ReadHtmlCacheBehavior [ RunTime:0.001000s ]
INFO: [ app_begin ] --END-- [ RunTime:0.001000s ]
SQL: SHOW COLUMNS FROM `movie` [ RunTime:0.0060s ]
SQL: SHOW COLUMNS FROM `user_score` [ RunTime:0.0060s ]
SQL: SHOW COLUMNS FROM `user_taste_value` [ RunTime:0.0070s ]
SQL: SHOW COLUMNS FROM `movie` [ RunTime:0.0080s ]
SQL: select * from USER where username = '杨月' AND password ='123456' [ RunTime:0.0010s ]
SQL: select movie_id from user_score WHERE  user_name = '杨月' [ RunTime:0.0010s ]
SQL: select id,style from movie [ RunTime:0.0930s ]

[ 2017-05-10T11:23:29+08:00 ] 127.0.0.1 /index.php/Home/Recommend
INFO: [ app_init ] --START--
INFO: Run Behavior\BuildLiteBehavior [ RunTime:0.000000s ]
INFO: [ app_init ] --END-- [ RunTime:0.000000s ]
INFO: [ app_begin ] --START--
INFO: Run Behavior\ReadHtmlCacheBehavior [ RunTime:0.000000s ]
INFO: [ app_begin ] --END-- [ RunTime:0.000000s ]
SQL: SHOW COLUMNS FROM `movie` [ RunTime:0.0050s ]
SQL: SHOW COLUMNS FROM `user_score` [ RunTime:0.0040s ]
SQL: SHOW COLUMNS FROM `user_taste_value` [ RunTime:0.0050s ]
SQL: SHOW COLUMNS FROM `movie` [ RunTime:0.0040s ]
SQL: select * from USER where username = '杨月' AND password ='123456' [ RunTime:0.0010s ]
SQL: select movie_id from user_score WHERE  user_name = '杨月' [ RunTime:0.0000s ]
SQL: select id,style from movie [ RunTime:0.0680s ]

[ 2017-05-10T11:23:55+08:00 ] 127.0.0.1 /index.php/Home/Recommend
INFO: [ app_init ] --START--
INFO: Run Behavior\BuildLiteBehavior [ RunTime:0.000000s ]
INFO: [ app_init ] --END-- [ RunTime:0.001000s ]
INFO: [ app_begin ] --START--
INFO: Run Behavior\ReadHtmlCacheBehavior [ RunTime:0.000000s ]
INFO: [ app_begin ] --END-- [ RunTime:0.000000s ]
SQL: SHOW COLUMNS FROM `movie` [ RunTime:0.0060s ]
SQL: SHOW COLUMNS FROM `user_score` [ RunTime:0.0040s ]
SQL: SHOW COLUMNS FROM `user_taste_value` [ RunTime:0.0050s ]
SQL: SHOW COLUMNS FROM `movie` [ RunTime:0.0050s ]
SQL: select * from USER where username = '杨月' AND password ='123456' [ RunTime:0.0000s ]
SQL: select movie_id from user_score WHERE  user_name = '杨月' [ RunTime:0.0010s ]
SQL: select id,style from movie [ RunTime:0.0660s ]

[ 2017-05-10T11:23:57+08:00 ] 127.0.0.1 /index.php/Home/Recommend
INFO: [ app_init ] --START--
INFO: Run Behavior\BuildLiteBehavior [ RunTime:0.000000s ]
INFO: [ app_init ] --END-- [ RunTime:0.001000s ]
INFO: [ app_begin ] --START--
INFO: Run Behavior\ReadHtmlCacheBehavior [ RunTime:0.000000s ]
INFO: [ app_begin ] --END-- [ RunTime:0.000000s ]
SQL: SHOW COLUMNS FROM `movie` [ RunTime:0.0040s ]
SQL: SHOW COLUMNS FROM `user_score` [ RunTime:0.0040s ]
SQL: SHOW COLUMNS FROM `user_taste_value` [ RunTime:0.0040s ]
SQL: SHOW COLUMNS FROM `movie` [ RunTime:0.0040s ]
SQL: select * from USER where username = '杨月' AND password ='123456' [ RunTime:0.0010s ]
SQL: select movie_id from user_score WHERE  user_name = '杨月' [ RunTime:0.0000s ]
SQL: select id,style from movie [ RunTime:0.0660s ]

[ 2017-05-10T11:24:30+08:00 ] 127.0.0.1 /index.php/Home/Recommend
INFO: [ app_init ] --START--
INFO: Run Behavior\BuildLiteBehavior [ RunTime:0.000000s ]
INFO: [ app_init ] --END-- [ RunTime:0.000000s ]
INFO: [ app_begin ] --START--
INFO: Run Behavior\ReadHtmlCacheBehavior [ RunTime:0.000000s ]
INFO: [ app_begin ] --END-- [ RunTime:0.001000s ]
SQL: SHOW COLUMNS FROM `movie` [ RunTime:0.0140s ]
SQL: SHOW COLUMNS FROM `user_score` [ RunTime:0.0140s ]
SQL: SHOW COLUMNS FROM `user_taste_value` [ RunTime:0.0130s ]
SQL: SHOW COLUMNS FROM `movie` [ RunTime:0.0120s ]
SQL: select * from USER where username = '杨月' AND password ='123456' [ RunTime:0.0000s ]
SQL: select movie_id from user_score WHERE  user_name = '杨月' [ RunTime:0.0000s ]
SQL: select id,style from movie [ RunTime:0.0660s ]

[ 2017-05-10T11:24:48+08:00 ] 127.0.0.1 /index.php/Home/Recommend
INFO: [ app_init ] --START--
INFO: Run Behavior\BuildLiteBehavior [ RunTime:0.000000s ]
INFO: [ app_init ] --END-- [ RunTime:0.001000s ]
INFO: [ app_begin ] --START--
INFO: Run Behavior\ReadHtmlCacheBehavior [ RunTime:0.001000s ]
INFO: [ app_begin ] --END-- [ RunTime:0.002000s ]
SQL: SHOW COLUMNS FROM `movie` [ RunTime:0.0170s ]
SQL: SHOW COLUMNS FROM `user_score` [ RunTime:0.0080s ]
SQL: SHOW COLUMNS FROM `user_taste_value` [ RunTime:0.0070s ]
SQL: SHOW COLUMNS FROM `movie` [ RunTime:0.0060s ]
SQL: select * from USER where username = '杨月' AND password ='123456' [ RunTime:0.0030s ]
SQL: select movie_id from user_score WHERE  user_name = '杨月' [ RunTime:0.0010s ]
SQL: select id,style from movie [ RunTime:0.0980s ]

[ 2017-05-10T11:25:05+08:00 ] 127.0.0.1 /index.php/Home/Recommend
INFO: [ app_init ] --START--
INFO: Run Behavior\BuildLiteBehavior [ RunTime:0.000000s ]
INFO: [ app_init ] --END-- [ RunTime:0.000000s ]
INFO: [ app_begin ] --START--
INFO: Run Behavior\ReadHtmlCacheBehavior [ RunTime:0.000000s ]
INFO: [ app_begin ] --END-- [ RunTime:0.001000s ]
SQL: SHOW COLUMNS FROM `movie` [ RunTime:0.0120s ]
SQL: SHOW COLUMNS FROM `user_score` [ RunTime:0.0130s ]
SQL: SHOW COLUMNS FROM `user_taste_value` [ RunTime:0.0140s ]
SQL: SHOW COLUMNS FROM `movie` [ RunTime:0.0140s ]
SQL: select * from USER where username = '杨月' AND password ='123456' [ RunTime:0.0000s ]
SQL: select movie_id from user_score WHERE  user_name = '杨月' [ RunTime:0.0000s ]
SQL: select id,style from movie [ RunTime:0.0660s ]

[ 2017-05-10T11:26:18+08:00 ] 127.0.0.1 /index.php/Home/Recommend
INFO: [ app_init ] --START--
INFO: Run Behavior\BuildLiteBehavior [ RunTime:0.000000s ]
INFO: [ app_init ] --END-- [ RunTime:0.001000s ]
INFO: [ app_begin ] --START--
INFO: Run Behavior\ReadHtmlCacheBehavior [ RunTime:0.001000s ]
INFO: [ app_begin ] --END-- [ RunTime:0.001000s ]
SQL: SHOW COLUMNS FROM `movie` [ RunTime:0.0050s ]
SQL: SHOW COLUMNS FROM `user_score` [ RunTime:0.0030s ]
SQL: SHOW COLUMNS FROM `user_taste_value` [ RunTime:0.0050s ]
SQL: SHOW COLUMNS FROM `movie` [ RunTime:0.0030s ]
SQL: select * from USER where username = '杨月' AND password ='123456' [ RunTime:0.0000s ]
SQL: select movie_id from user_score WHERE  user_name = '杨月' [ RunTime:0.0010s ]
SQL: select id,style from movie [ RunTime:0.0740s ]

[ 2017-05-10T11:26:23+08:00 ] 127.0.0.1 /index.php/Home/Recommend
INFO: [ app_init ] --START--
INFO: Run Behavior\BuildLiteBehavior [ RunTime:0.000000s ]
INFO: [ app_init ] --END-- [ RunTime:0.001000s ]
INFO: [ app_begin ] --START--
INFO: Run Behavior\ReadHtmlCacheBehavior [ RunTime:0.001000s ]
INFO: [ app_begin ] --END-- [ RunTime:0.001000s ]
SQL: SHOW COLUMNS FROM `movie` [ RunTime:0.0050s ]
SQL: SHOW COLUMNS FROM `user_score` [ RunTime:0.0040s ]
SQL: SHOW COLUMNS FROM `user_taste_value` [ RunTime:0.0040s ]
SQL: SHOW COLUMNS FROM `movie` [ RunTime:0.0030s ]
SQL: select * from USER where username = '杨月' AND password ='123456' [ RunTime:0.0000s ]
SQL: select movie_id from user_score WHERE  user_name = '杨月' [ RunTime:0.0000s ]
SQL: select id,style from movie [ RunTime:0.0670s ]

[ 2017-05-10T11:26:24+08:00 ] 127.0.0.1 /index.php/Home/Recommend
INFO: [ app_init ] --START--
INFO: Run Behavior\BuildLiteBehavior [ RunTime:0.000000s ]
INFO: [ app_init ] --END-- [ RunTime:0.001000s ]
INFO: [ app_begin ] --START--
INFO: Run Behavior\ReadHtmlCacheBehavior [ RunTime:0.000000s ]
INFO: [ app_begin ] --END-- [ RunTime:0.002000s ]
SQL: SHOW COLUMNS FROM `movie` [ RunTime:0.0040s ]
SQL: SHOW COLUMNS FROM `user_score` [ RunTime:0.0040s ]
SQL: SHOW COLUMNS FROM `user_taste_value` [ RunTime:0.0070s ]
SQL: SHOW COLUMNS FROM `movie` [ RunTime:0.0040s ]
SQL: select * from USER where username = '杨月' AND password ='123456' [ RunTime:0.0000s ]
SQL: select movie_id from user_score WHERE  user_name = '杨月' [ RunTime:0.0010s ]
SQL: select id,style from movie [ RunTime:0.0820s ]

[ 2017-05-10T11:26:42+08:00 ] 127.0.0.1 /
INFO: [ app_init ] --START--
INFO: Run Behavior\BuildLiteBehavior [ RunTime:0.000000s ]
INFO: [ app_init ] --END-- [ RunTime:0.001000s ]
INFO: [ app_begin ] --START--
INFO: Run Behavior\ReadHtmlCacheBehavior [ RunTime:0.001000s ]
INFO: [ app_begin ] --END-- [ RunTime:0.002000s ]
SQL: SHOW COLUMNS FROM `movie` [ RunTime:0.0160s ]
SQL: select id,title,rate,cover from movie WHERE is_new=1 [ RunTime:0.0240s ]
INFO: [ view_parse ] --START--
INFO: [ template_filter ] --START--
INFO: Run Behavior\ContentReplaceBehavior [ RunTime:0.001000s ]
INFO: [ template_filter ] --END-- [ RunTime:0.001000s ]
NOTIC: [8] Undefined variable: page E:\wamp\www\movie\recommend\Application\Runtime\Cache\Home\2a94b8bda04ff446dcedd42276fc99ee.php 第 101 行.
INFO: Run Behavior\ParseTemplateBehavior [ RunTime:0.027001s ]
INFO: [ view_parse ] --END-- [ RunTime:0.027001s ]
INFO: [ view_filter ] --START--
INFO: Run Behavior\WriteHtmlCacheBehavior [ RunTime:0.001000s ]
INFO: [ view_filter ] --END-- [ RunTime:0.001000s ]
INFO: [ app_end ] --START--
INFO: Run Behavior\ShowPageTraceBehavior [ RunTime:0.001000s ]
INFO: [ app_end ] --END-- [ RunTime:0.001000s ]

[ 2017-05-10T11:26:44+08:00 ] 127.0.0.1 /index.php/Home/Function/login
INFO: [ app_init ] --START--
INFO: Run Behavior\BuildLiteBehavior [ RunTime:0.000000s ]
INFO: [ app_init ] --END-- [ RunTime:0.000000s ]
INFO: [ app_begin ] --START--
INFO: Run Behavior\ReadHtmlCacheBehavior [ RunTime:0.001000s ]
INFO: [ app_begin ] --END-- [ RunTime:0.001000s ]
INFO: [ view_parse ] --START--
INFO: [ template_filter ] --START--
INFO: Run Behavior\ContentReplaceBehavior [ RunTime:0.000000s ]
INFO: [ template_filter ] --END-- [ RunTime:0.000000s ]
NOTIC: [8] Undefined variable: token E:\wamp\www\movie\recommend\Application\Runtime\Cache\Home\87d55936ce58891a2dbcc61f5fa333ca.php 第 64 行.
INFO: Run Behavior\ParseTemplateBehavior [ RunTime:0.015001s ]
INFO: [ view_parse ] --END-- [ RunTime:0.016001s ]
INFO: [ view_filter ] --START--
INFO: Run Behavior\WriteHtmlCacheBehavior [ RunTime:0.001000s ]
INFO: [ view_filter ] --END-- [ RunTime:0.001000s ]
INFO: [ app_end ] --START--
INFO: Run Behavior\ShowPageTraceBehavior [ RunTime:0.001000s ]
INFO: [ app_end ] --END-- [ RunTime:0.002000s ]

[ 2017-05-10T11:26:45+08:00 ] 127.0.0.1 /index.php/Home/Function/dologin
INFO: [ app_init ] --START--
INFO: Run Behavior\BuildLiteBehavior [ RunTime:0.000000s ]
INFO: [ app_init ] --END-- [ RunTime:0.001000s ]
INFO: [ app_begin ] --START--
INFO: Run Behavior\ReadHtmlCacheBehavior [ RunTime:0.001000s ]
INFO: [ app_begin ] --END-- [ RunTime:0.003000s ]
SQL: SHOW COLUMNS FROM `movie` [ RunTime:0.0180s ]
SQL: select count(*) num from USER where email = '312910815@qq.com' AND password = '123456' [ RunTime:0.0010s ]
SQL: select username from USER where email = '312910815@qq.com' AND password = '123456' [ RunTime:0.0010s ]
INFO: [ view_parse ] --START--
INFO: [ template_filter ] --START--
INFO: Run Behavior\ContentReplaceBehavior [ RunTime:0.000000s ]
INFO: [ template_filter ] --END-- [ RunTime:0.000000s ]
INFO: Run Behavior\ParseTemplateBehavior [ RunTime:0.017001s ]
INFO: [ view_parse ] --END-- [ RunTime:0.017001s ]
INFO: [ view_filter ] --START--
INFO: Run Behavior\WriteHtmlCacheBehavior [ RunTime:0.001000s ]
INFO: [ view_filter ] --END-- [ RunTime:0.001000s ]
INFO: [ app_end ] --START--
INFO: Run Behavior\ShowPageTraceBehavior [ RunTime:0.001000s ]
INFO: [ app_end ] --END-- [ RunTime:0.001000s ]

[ 2017-05-10T11:26:49+08:00 ] 127.0.0.1 /
INFO: [ app_init ] --START--
INFO: Run Behavior\BuildLiteBehavior [ RunTime:0.000000s ]
INFO: [ app_init ] --END-- [ RunTime:0.001000s ]
INFO: [ app_begin ] --START--
INFO: Run Behavior\ReadHtmlCacheBehavior [ RunTime:0.002000s ]
INFO: [ app_begin ] --END-- [ RunTime:0.002000s ]
SQL: SHOW COLUMNS FROM `movie` [ RunTime:0.0120s ]
SQL: select id,title,rate,cover from movie WHERE is_new=1 [ RunTime:0.0180s ]
INFO: [ view_parse ] --START--
INFO: [ template_filter ] --START--
INFO: Run Behavior\ContentReplaceBehavior [ RunTime:0.000000s ]
INFO: [ template_filter ] --END-- [ RunTime:0.001000s ]
NOTIC: [8] Undefined variable: page E:\wamp\www\movie\recommend\Application\Runtime\Cache\Home\2a94b8bda04ff446dcedd42276fc99ee.php 第 101 行.
INFO: Run Behavior\ParseTemplateBehavior [ RunTime:0.021002s ]
INFO: [ view_parse ] --END-- [ RunTime:0.022002s ]
INFO: [ view_filter ] --START--
INFO: Run Behavior\WriteHtmlCacheBehavior [ RunTime:0.001000s ]
INFO: [ view_filter ] --END-- [ RunTime:0.001000s ]
INFO: [ app_end ] --START--
INFO: Run Behavior\ShowPageTraceBehavior [ RunTime:0.000000s ]
INFO: [ app_end ] --END-- [ RunTime:0.001000s ]

[ 2017-05-10T11:26:53+08:00 ] 127.0.0.1 /index.php/Home/Recommend
INFO: [ app_init ] --START--
INFO: Run Behavior\BuildLiteBehavior [ RunTime:0.000000s ]
INFO: [ app_init ] --END-- [ RunTime:0.001000s ]
INFO: [ app_begin ] --START--
INFO: Run Behavior\ReadHtmlCacheBehavior [ RunTime:0.002000s ]
INFO: [ app_begin ] --END-- [ RunTime:0.002000s ]
SQL: SHOW COLUMNS FROM `movie` [ RunTime:0.0140s ]
SQL: SHOW COLUMNS FROM `user_score` [ RunTime:0.0170s ]
SQL: SHOW COLUMNS FROM `user_taste_value` [ RunTime:0.0160s ]
SQL: SHOW COLUMNS FROM `movie` [ RunTime:0.0150s ]
SQL: select * from USER where username = '杨月' AND password ='123456' [ RunTime:0.0000s ]
SQL: select movie_id from user_score WHERE  user_name = '杨月' [ RunTime:0.0000s ]
SQL: select id,style from movie [ RunTime:0.0750s ]

[ 2017-05-10T11:27:02+08:00 ] 127.0.0.1 /index.php/Home/Recommend
INFO: [ app_init ] --START--
INFO: Run Behavior\BuildLiteBehavior [ RunTime:0.000000s ]
INFO: [ app_init ] --END-- [ RunTime:0.001000s ]
INFO: [ app_begin ] --START--
INFO: Run Behavior\ReadHtmlCacheBehavior [ RunTime:0.001000s ]
INFO: [ app_begin ] --END-- [ RunTime:0.001000s ]
SQL: SHOW COLUMNS FROM `movie` [ RunTime:0.0040s ]
SQL: SHOW COLUMNS FROM `user_score` [ RunTime:0.0060s ]
SQL: SHOW COLUMNS FROM `user_taste_value` [ RunTime:0.0040s ]
SQL: SHOW COLUMNS FROM `movie` [ RunTime:0.0040s ]
SQL: select * from USER where username = '杨月' AND password ='123456' [ RunTime:0.0010s ]
SQL: select movie_id from user_score WHERE  user_name = '杨月' [ RunTime:0.0000s ]
SQL: select id,style from movie [ RunTime:0.0830s ]

[ 2017-05-10T11:27:13+08:00 ] 127.0.0.1 /index.php/Home/Recommend
INFO: [ app_init ] --START--
INFO: Run Behavior\BuildLiteBehavior [ RunTime:0.000000s ]
INFO: [ app_init ] --END-- [ RunTime:0.000000s ]
INFO: [ app_begin ] --START--
INFO: Run Behavior\ReadHtmlCacheBehavior [ RunTime:0.001000s ]
INFO: [ app_begin ] --END-- [ RunTime:0.001000s ]
SQL: SHOW COLUMNS FROM `movie` [ RunTime:0.0140s ]
SQL: SHOW COLUMNS FROM `user_score` [ RunTime:0.0140s ]
SQL: SHOW COLUMNS FROM `user_taste_value` [ RunTime:0.0130s ]
SQL: SHOW COLUMNS FROM `movie` [ RunTime:0.0130s ]
SQL: select * from USER where username = '杨月' AND password ='123456' [ RunTime:0.0000s ]
SQL: select movie_id from user_score WHERE  user_name = '杨月' [ RunTime:0.0000s ]
SQL: select id,style from movie [ RunTime:0.0720s ]

[ 2017-05-10T11:27:22+08:00 ] 127.0.0.1 /index.php/Home/Recommend
INFO: [ app_init ] --START--
INFO: Run Behavior\BuildLiteBehavior [ RunTime:0.001001s ]
INFO: [ app_init ] --END-- [ RunTime:0.001001s ]
INFO: [ app_begin ] --START--
INFO: Run Behavior\ReadHtmlCacheBehavior [ RunTime:0.001000s ]
INFO: [ app_begin ] --END-- [ RunTime:0.001000s ]
SQL: SHOW COLUMNS FROM `movie` [ RunTime:0.0040s ]
SQL: SHOW COLUMNS FROM `user_score` [ RunTime:0.0040s ]
SQL: SHOW COLUMNS FROM `user_taste_value` [ RunTime:0.0040s ]
SQL: SHOW COLUMNS FROM `movie` [ RunTime:0.0040s ]
SQL: select * from USER where username = '杨月' AND password ='123456' [ RunTime:0.0000s ]
SQL: select movie_id from user_score WHERE  user_name = '杨月' [ RunTime:0.0010s ]
SQL: select id,style from movie [ RunTime:0.0720s ]

[ 2017-05-10T11:28:20+08:00 ] 127.0.0.1 /index.php/Home/Recommend
INFO: [ app_init ] --START--
INFO: Run Behavior\BuildLiteBehavior [ RunTime:0.000000s ]
INFO: [ app_init ] --END-- [ RunTime:0.001000s ]
INFO: [ app_begin ] --START--
INFO: Run Behavior\ReadHtmlCacheBehavior [ RunTime:0.001000s ]
INFO: [ app_begin ] --END-- [ RunTime:0.001000s ]
SQL: SHOW COLUMNS FROM `movie` [ RunTime:0.0050s ]
SQL: SHOW COLUMNS FROM `user_score` [ RunTime:0.0030s ]
SQL: SHOW COLUMNS FROM `user_taste_value` [ RunTime:0.0040s ]
SQL: SHOW COLUMNS FROM `movie` [ RunTime:0.0040s ]
SQL: select * from USER where username = '杨月' AND password ='123456' [ RunTime:0.0010s ]
SQL: select movie_id from user_score WHERE  user_name = '杨月' [ RunTime:0.0000s ]
SQL: select id,style from movie [ RunTime:0.0690s ]

[ 2017-05-10T11:28:29+08:00 ] 127.0.0.1 /index.php/Home/Recommend
INFO: [ app_init ] --START--
INFO: Run Behavior\BuildLiteBehavior [ RunTime:0.000000s ]
INFO: [ app_init ] --END-- [ RunTime:0.001000s ]
INFO: [ app_begin ] --START--
INFO: Run Behavior\ReadHtmlCacheBehavior [ RunTime:0.001000s ]
INFO: [ app_begin ] --END-- [ RunTime:0.001000s ]
SQL: SHOW COLUMNS FROM `movie` [ RunTime:0.0040s ]
SQL: SHOW COLUMNS FROM `user_score` [ RunTime:0.0030s ]
SQL: SHOW COLUMNS FROM `user_taste_value` [ RunTime:0.0050s ]
SQL: SHOW COLUMNS FROM `movie` [ RunTime:0.0050s ]
SQL: select * from USER where username = '杨月' AND password ='123456' [ RunTime:0.0000s ]
SQL: select movie_id from user_score WHERE  user_name = '杨月' [ RunTime:0.0000s ]
SQL: select id,style from movie [ RunTime:0.0670s ]

[ 2017-05-10T11:28:57+08:00 ] 127.0.0.1 /index.php/Home/Recommend
INFO: [ app_init ] --START--
INFO: Run Behavior\BuildLiteBehavior [ RunTime:0.000000s ]
INFO: [ app_init ] --END-- [ RunTime:0.001000s ]
INFO: [ app_begin ] --START--
INFO: Run Behavior\ReadHtmlCacheBehavior [ RunTime:0.001000s ]
INFO: [ app_begin ] --END-- [ RunTime:0.001000s ]
SQL: SHOW COLUMNS FROM `movie` [ RunTime:0.0050s ]
SQL: SHOW COLUMNS FROM `user_score` [ RunTime:0.0030s ]
SQL: SHOW COLUMNS FROM `user_taste_value` [ RunTime:0.0030s ]
SQL: SHOW COLUMNS FROM `movie` [ RunTime:0.0050s ]
SQL: select * from USER where username = '杨月' AND password ='123456' [ RunTime:0.0010s ]
SQL: select movie_id from user_score WHERE  user_name = '杨月' [ RunTime:0.0000s ]
SQL: select id,style from movie [ RunTime:0.0670s ]

[ 2017-05-10T11:29:03+08:00 ] 127.0.0.1 /index.php/Home/Recommend
INFO: [ app_init ] --START--
INFO: Run Behavior\BuildLiteBehavior [ RunTime:0.001000s ]
INFO: [ app_init ] --END-- [ RunTime:0.001000s ]
INFO: [ app_begin ] --START--
INFO: Run Behavior\ReadHtmlCacheBehavior [ RunTime:0.002000s ]
INFO: [ app_begin ] --END-- [ RunTime:0.002000s ]
SQL: SHOW COLUMNS FROM `movie` [ RunTime:0.0040s ]
SQL: SHOW COLUMNS FROM `user_score` [ RunTime:0.0030s ]
SQL: SHOW COLUMNS FROM `user_taste_value` [ RunTime:0.0050s ]
SQL: SHOW COLUMNS FROM `movie` [ RunTime:0.0040s ]
SQL: select * from USER where username = '杨月' AND password ='123456' [ RunTime:0.0000s ]
SQL: select movie_id from user_score WHERE  user_name = '杨月' [ RunTime:0.0000s ]
SQL: select id,style from movie [ RunTime:0.0710s ]

[ 2017-05-10T11:32:52+08:00 ] 127.0.0.1 /index.php/Home/Recommend
INFO: [ app_init ] --START--
INFO: Run Behavior\BuildLiteBehavior [ RunTime:0.000000s ]
INFO: [ app_init ] --END-- [ RunTime:0.000000s ]
INFO: [ app_begin ] --START--
INFO: Run Behavior\ReadHtmlCacheBehavior [ RunTime:0.001000s ]
INFO: [ app_begin ] --END-- [ RunTime:0.001000s ]
SQL: SHOW COLUMNS FROM `movie` [ RunTime:0.0040s ]
SQL: SHOW COLUMNS FROM `user_score` [ RunTime:0.0060s ]
SQL: SHOW COLUMNS FROM `user_taste_value` [ RunTime:0.0040s ]
SQL: SHOW COLUMNS FROM `movie` [ RunTime:0.0040s ]
SQL: select * from USER where username = '杨月' AND password ='123456' [ RunTime:0.0010s ]
SQL: select movie_id from user_score WHERE  user_name = '杨月' [ RunTime:0.0000s ]
SQL: select id,style from movie [ RunTime:0.0700s ]

[ 2017-05-10T11:32:54+08:00 ] 127.0.0.1 /index.php/Home/Recommend
INFO: [ app_init ] --START--
INFO: Run Behavior\BuildLiteBehavior [ RunTime:0.000000s ]
INFO: [ app_init ] --END-- [ RunTime:0.000000s ]
INFO: [ app_begin ] --START--
INFO: Run Behavior\ReadHtmlCacheBehavior [ RunTime:0.000000s ]
INFO: [ app_begin ] --END-- [ RunTime:0.001000s ]
SQL: SHOW COLUMNS FROM `movie` [ RunTime:0.0050s ]
SQL: SHOW COLUMNS FROM `user_score` [ RunTime:0.0050s ]
SQL: SHOW COLUMNS FROM `user_taste_value` [ RunTime:0.0030s ]
SQL: SHOW COLUMNS FROM `movie` [ RunTime:0.0040s ]
SQL: select * from USER where username = '杨月' AND password ='123456' [ RunTime:0.0000s ]
SQL: select movie_id from user_score WHERE  user_name = '杨月' [ RunTime:0.0000s ]
SQL: select id,style from movie [ RunTime:0.0690s ]

[ 2017-05-10T11:33:36+08:00 ] 127.0.0.1 /index.php/Home/Recommend
INFO: [ app_init ] --START--
INFO: Run Behavior\BuildLiteBehavior [ RunTime:0.000000s ]
INFO: [ app_init ] --END-- [ RunTime:0.000000s ]
INFO: [ app_begin ] --START--
INFO: Run Behavior\ReadHtmlCacheBehavior [ RunTime:0.001000s ]
INFO: [ app_begin ] --END-- [ RunTime:0.001000s ]
SQL: SHOW COLUMNS FROM `movie` [ RunTime:0.0030s ]
SQL: SHOW COLUMNS FROM `user_score` [ RunTime:0.0050s ]
SQL: SHOW COLUMNS FROM `user_taste_value` [ RunTime:0.0040s ]
SQL: SHOW COLUMNS FROM `movie` [ RunTime:0.0040s ]
SQL: select * from USER where username = '杨月' AND password ='123456' [ RunTime:0.0000s ]
SQL: select movie_id from user_score WHERE  user_name = '杨月' [ RunTime:0.0000s ]
SQL: select id,style from movie [ RunTime:0.0700s ]

[ 2017-05-10T11:33:37+08:00 ] 127.0.0.1 /index.php/Home/Recommend
INFO: [ app_init ] --START--
INFO: Run Behavior\BuildLiteBehavior [ RunTime:0.000000s ]
INFO: [ app_init ] --END-- [ RunTime:0.000000s ]
INFO: [ app_begin ] --START--
INFO: Run Behavior\ReadHtmlCacheBehavior [ RunTime:0.000000s ]
INFO: [ app_begin ] --END-- [ RunTime:0.001000s ]
SQL: SHOW COLUMNS FROM `movie` [ RunTime:0.0040s ]
SQL: SHOW COLUMNS FROM `user_score` [ RunTime:0.0030s ]
SQL: SHOW COLUMNS FROM `user_taste_value` [ RunTime:0.0030s ]
SQL: SHOW COLUMNS FROM `movie` [ RunTime:0.0040s ]
SQL: select * from USER where username = '杨月' AND password ='123456' [ RunTime:0.0010s ]
SQL: select movie_id from user_score WHERE  user_name = '杨月' [ RunTime:0.0000s ]
SQL: select id,style from movie [ RunTime:0.0660s ]

[ 2017-05-10T11:33:38+08:00 ] 127.0.0.1 /index.php/Home/Recommend
INFO: [ app_init ] --START--
INFO: Run Behavior\BuildLiteBehavior [ RunTime:0.000000s ]
INFO: [ app_init ] --END-- [ RunTime:0.001000s ]
INFO: [ app_begin ] --START--
INFO: Run Behavior\ReadHtmlCacheBehavior [ RunTime:0.000000s ]
INFO: [ app_begin ] --END-- [ RunTime:0.001000s ]
SQL: SHOW COLUMNS FROM `movie` [ RunTime:0.0070s ]
SQL: SHOW COLUMNS FROM `user_score` [ RunTime:0.0030s ]
SQL: SHOW COLUMNS FROM `user_taste_value` [ RunTime:0.0040s ]
SQL: SHOW COLUMNS FROM `movie` [ RunTime:0.0070s ]
SQL: select * from USER where username = '杨月' AND password ='123456' [ RunTime:0.0000s ]
SQL: select movie_id from user_score WHERE  user_name = '杨月' [ RunTime:0.0000s ]
SQL: select id,style from movie [ RunTime:0.0720s ]

[ 2017-05-10T11:34:10+08:00 ] 127.0.0.1 /index.php/Home/Recommend
INFO: [ app_init ] --START--
INFO: Run Behavior\BuildLiteBehavior [ RunTime:0.000000s ]
INFO: [ app_init ] --END-- [ RunTime:0.001000s ]
INFO: [ app_begin ] --START--
INFO: Run Behavior\ReadHtmlCacheBehavior [ RunTime:0.001000s ]
INFO: [ app_begin ] --END-- [ RunTime:0.001000s ]
SQL: SHOW COLUMNS FROM `movie` [ RunTime:0.0040s ]
SQL: SHOW COLUMNS FROM `user_score` [ RunTime:0.0060s ]
SQL: SHOW COLUMNS FROM `user_taste_value` [ RunTime:0.0040s ]
SQL: SHOW COLUMNS FROM `movie` [ RunTime:0.0040s ]
SQL: select * from USER where username = '杨月' AND password ='123456' [ RunTime:0.0010s ]
SQL: select movie_id from user_score WHERE  user_name = '杨月' [ RunTime:0.0000s ]
SQL: select id,style from movie [ RunTime:0.0710s ]

[ 2017-05-10T11:34:36+08:00 ] 127.0.0.1 /index.php/Home/Recommend
INFO: [ app_init ] --START--
INFO: Run Behavior\BuildLiteBehavior [ RunTime:0.000000s ]
INFO: [ app_init ] --END-- [ RunTime:0.001000s ]
INFO: [ app_begin ] --START--
INFO: Run Behavior\ReadHtmlCacheBehavior [ RunTime:0.000000s ]
INFO: [ app_begin ] --END-- [ RunTime:0.001000s ]
SQL: SHOW COLUMNS FROM `movie` [ RunTime:0.0030s ]
SQL: SHOW COLUMNS FROM `user_score` [ RunTime:0.0040s ]
SQL: SHOW COLUMNS FROM `user_taste_value` [ RunTime:0.0050s ]
SQL: SHOW COLUMNS FROM `movie` [ RunTime:0.0040s ]
SQL: select * from USER where username = '杨月' AND password ='123456' [ RunTime:0.0010s ]
SQL: select movie_id from user_score WHERE  user_name = '杨月' [ RunTime:0.0000s ]
SQL: select id,style from movie [ RunTime:0.0740s ]

[ 2017-05-10T11:34:52+08:00 ] 127.0.0.1 /index.php/Home/Recommend
INFO: [ app_init ] --START--
INFO: Run Behavior\BuildLiteBehavior [ RunTime:0.000000s ]
INFO: [ app_init ] --END-- [ RunTime:0.000000s ]
INFO: [ app_begin ] --START--
INFO: Run Behavior\ReadHtmlCacheBehavior [ RunTime:0.001000s ]
INFO: [ app_begin ] --END-- [ RunTime:0.001000s ]
SQL: SHOW COLUMNS FROM `movie` [ RunTime:0.0030s ]
SQL: SHOW COLUMNS FROM `user_score` [ RunTime:0.0030s ]
SQL: SHOW COLUMNS FROM `user_taste_value` [ RunTime:0.0030s ]
SQL: SHOW COLUMNS FROM `movie` [ RunTime:0.0030s ]
SQL: select * from USER where username = '杨月' AND password ='123456' [ RunTime:0.0000s ]
SQL: select movie_id from user_score WHERE  user_name = '杨月' [ RunTime:0.0010s ]
SQL: select id,style from movie [ RunTime:0.0650s ]

[ 2017-05-10T11:35:06+08:00 ] 127.0.0.1 /index.php/Home/Index/tags?cat=%E6%88%98%E4%BA%89
INFO: [ app_init ] --START--
INFO: Run Behavior\BuildLiteBehavior [ RunTime:0.000000s ]
INFO: [ app_init ] --END-- [ RunTime:0.001000s ]
INFO: [ app_begin ] --START--
INFO: Run Behavior\ReadHtmlCacheBehavior [ RunTime:0.001000s ]
INFO: [ app_begin ] --END-- [ RunTime:0.002000s ]
SQL: SHOW COLUMNS FROM `movie` [ RunTime:0.0050s ]
SQL: select count(*) num from movie WHERE category = '战争' [ RunTime:0.0090s ]
SQL: SHOW COLUMNS FROM `movie` [ RunTime:0.0040s ]
SQL: SELECT * FROM `movie` WHERE ( category='战争' ) LIMIT 0,10   [ RunTime:0.0240s ]
INFO: [ view_parse ] --START--
INFO: [ template_filter ] --START--
INFO: Run Behavior\ContentReplaceBehavior [ RunTime:0.000000s ]
INFO: [ template_filter ] --END-- [ RunTime:0.001000s ]
INFO: Run Behavior\ParseTemplateBehavior [ RunTime:0.015000s ]
INFO: [ view_parse ] --END-- [ RunTime:0.016001s ]
INFO: [ view_filter ] --START--
INFO: Run Behavior\WriteHtmlCacheBehavior [ RunTime:0.000000s ]
INFO: [ view_filter ] --END-- [ RunTime:0.001000s ]
INFO: [ app_end ] --START--
INFO: Run Behavior\ShowPageTraceBehavior [ RunTime:0.002000s ]
INFO: [ app_end ] --END-- [ RunTime:0.002000s ]

[ 2017-05-10T11:35:12+08:00 ] 127.0.0.1 /index.php/Home/Index/tags?cat=%E6%88%98%E4%BA%89
INFO: [ app_init ] --START--
INFO: Run Behavior\BuildLiteBehavior [ RunTime:0.001000s ]
INFO: [ app_init ] --END-- [ RunTime:0.001000s ]
INFO: [ app_begin ] --START--
INFO: Run Behavior\ReadHtmlCacheBehavior [ RunTime:0.000000s ]
INFO: [ app_begin ] --END-- [ RunTime:0.001000s ]
SQL: SHOW COLUMNS FROM `movie` [ RunTime:0.0050s ]
SQL: select count(*) num from movie WHERE category = '战争' [ RunTime:0.0090s ]
SQL: SHOW COLUMNS FROM `movie` [ RunTime:0.0040s ]
SQL: SELECT * FROM `movie` WHERE ( category='战争' ) LIMIT 0,10   [ RunTime:0.0220s ]
INFO: [ view_parse ] --START--
INFO: [ template_filter ] --START--
INFO: Run Behavior\ContentReplaceBehavior [ RunTime:0.000000s ]
INFO: [ template_filter ] --END-- [ RunTime:0.000000s ]
INFO: Run Behavior\ParseTemplateBehavior [ RunTime:0.015001s ]
INFO: [ view_parse ] --END-- [ RunTime:0.016001s ]
INFO: [ view_filter ] --START--
INFO: Run Behavior\WriteHtmlCacheBehavior [ RunTime:0.001000s ]
INFO: [ view_filter ] --END-- [ RunTime:0.001000s ]
INFO: [ app_end ] --START--
INFO: Run Behavior\ShowPageTraceBehavior [ RunTime:0.001000s ]
INFO: [ app_end ] --END-- [ RunTime:0.001000s ]

[ 2017-05-10T11:35:16+08:00 ] 127.0.0.1 /index.php/Home/Recommend
INFO: [ app_init ] --START--
INFO: Run Behavior\BuildLiteBehavior [ RunTime:0.000000s ]
INFO: [ app_init ] --END-- [ RunTime:0.001000s ]
INFO: [ app_begin ] --START--
INFO: Run Behavior\ReadHtmlCacheBehavior [ RunTime:0.000000s ]
INFO: [ app_begin ] --END-- [ RunTime:0.001001s ]
SQL: SHOW COLUMNS FROM `movie` [ RunTime:0.0040s ]
SQL: SHOW COLUMNS FROM `user_score` [ RunTime:0.0040s ]
SQL: SHOW COLUMNS FROM `user_taste_value` [ RunTime:0.0050s ]
SQL: SHOW COLUMNS FROM `movie` [ RunTime:0.0040s ]
SQL: select * from USER where username = '杨月' AND password ='123456' [ RunTime:0.0010s ]
SQL: select movie_id from user_score WHERE  user_name = '杨月' [ RunTime:0.0000s ]
SQL: select id,style from movie [ RunTime:0.0710s ]

[ 2017-05-10T11:35:19+08:00 ] 127.0.0.1 /index.php/Home/Recommend
INFO: [ app_init ] --START--
INFO: Run Behavior\BuildLiteBehavior [ RunTime:0.000000s ]
INFO: [ app_init ] --END-- [ RunTime:0.002001s ]
INFO: [ app_begin ] --START--
INFO: Run Behavior\ReadHtmlCacheBehavior [ RunTime:0.000000s ]
INFO: [ app_begin ] --END-- [ RunTime:0.000000s ]
SQL: SHOW COLUMNS FROM `movie` [ RunTime:0.0050s ]
SQL: SHOW COLUMNS FROM `user_score` [ RunTime:0.0050s ]
SQL: SHOW COLUMNS FROM `user_taste_value` [ RunTime:0.0040s ]
SQL: SHOW COLUMNS FROM `movie` [ RunTime:0.0030s ]
SQL: select * from USER where username = '杨月' AND password ='123456' [ RunTime:0.0000s ]
SQL: select movie_id from user_score WHERE  user_name = '杨月' [ RunTime:0.0010s ]
SQL: select id,style from movie [ RunTime:0.0690s ]

[ 2017-05-10T11:36:15+08:00 ] 127.0.0.1 /index.php/Home/Recommend
INFO: [ app_init ] --START--
INFO: Run Behavior\BuildLiteBehavior [ RunTime:0.000000s ]
INFO: [ app_init ] --END-- [ RunTime:0.001000s ]
INFO: [ app_begin ] --START--
INFO: Run Behavior\ReadHtmlCacheBehavior [ RunTime:0.001000s ]
INFO: [ app_begin ] --END-- [ RunTime:0.001000s ]
SQL: SHOW COLUMNS FROM `movie` [ RunTime:0.0040s ]
SQL: SHOW COLUMNS FROM `user_score` [ RunTime:0.0050s ]
SQL: SHOW COLUMNS FROM `user_taste_value` [ RunTime:0.0030s ]
SQL: SHOW COLUMNS FROM `movie` [ RunTime:0.0040s ]
SQL: select * from USER where username = '杨月' AND password ='123456' [ RunTime:0.0010s ]
SQL: select movie_id from user_score WHERE  user_name = '杨月' [ RunTime:0.0010s ]
SQL: select id,style from movie [ RunTime:0.0690s ]

[ 2017-05-10T11:36:36+08:00 ] 127.0.0.1 /index.php/Home/Recommend
INFO: [ app_init ] --START--
INFO: Run Behavior\BuildLiteBehavior [ RunTime:0.000000s ]
INFO: [ app_init ] --END-- [ RunTime:0.000000s ]
INFO: [ app_begin ] --START--
INFO: Run Behavior\ReadHtmlCacheBehavior [ RunTime:0.001000s ]
INFO: [ app_begin ] --END-- [ RunTime:0.002000s ]
SQL: SHOW COLUMNS FROM `movie` [ RunTime:0.0070s ]
SQL: SHOW COLUMNS FROM `user_score` [ RunTime:0.0030s ]
SQL: SHOW COLUMNS FROM `user_taste_value` [ RunTime:0.0040s ]
SQL: SHOW COLUMNS FROM `movie` [ RunTime:0.0050s ]
SQL: select * from USER where username = '杨月' AND password ='123456' [ RunTime:0.0000s ]
SQL: select movie_id from user_score WHERE  user_name = '杨月' [ RunTime:0.0010s ]
SQL: select id,style from movie [ RunTime:0.0870s ]

[ 2017-05-10T11:36:47+08:00 ] 127.0.0.1 /
INFO: [ app_init ] --START--
INFO: Run Behavior\BuildLiteBehavior [ RunTime:0.000000s ]
INFO: [ app_init ] --END-- [ RunTime:0.001000s ]
INFO: [ app_begin ] --START--
INFO: Run Behavior\ReadHtmlCacheBehavior [ RunTime:0.000000s ]
INFO: [ app_begin ] --END-- [ RunTime:0.001000s ]
SQL: SHOW COLUMNS FROM `movie` [ RunTime:0.0040s ]
SQL: select id,title,rate,cover from movie WHERE is_new=1 [ RunTime:0.0150s ]
INFO: [ view_parse ] --START--
INFO: [ template_filter ] --START--
INFO: Run Behavior\ContentReplaceBehavior [ RunTime:0.000000s ]
INFO: [ template_filter ] --END-- [ RunTime:0.000000s ]
NOTIC: [8] Undefined variable: page E:\wamp\www\movie\recommend\Application\Runtime\Cache\Home\2a94b8bda04ff446dcedd42276fc99ee.php 第 101 行.
INFO: Run Behavior\ParseTemplateBehavior [ RunTime:0.016001s ]
INFO: [ view_parse ] --END-- [ RunTime:0.016001s ]
INFO: [ view_filter ] --START--
INFO: Run Behavior\WriteHtmlCacheBehavior [ RunTime:0.001000s ]
INFO: [ view_filter ] --END-- [ RunTime:0.001000s ]
INFO: [ app_end ] --START--
INFO: Run Behavior\ShowPageTraceBehavior [ RunTime:0.001000s ]
INFO: [ app_end ] --END-- [ RunTime:0.001000s ]

[ 2017-05-10T11:36:49+08:00 ] 127.0.0.1 /index.php/Home/Recommend
INFO: [ app_init ] --START--
INFO: Run Behavior\BuildLiteBehavior [ RunTime:0.000000s ]
INFO: [ app_init ] --END-- [ RunTime:0.002000s ]
INFO: [ app_begin ] --START--
INFO: Run Behavior\ReadHtmlCacheBehavior [ RunTime:0.001000s ]
INFO: [ app_begin ] --END-- [ RunTime:0.001000s ]
SQL: SHOW COLUMNS FROM `movie` [ RunTime:0.0090s ]
SQL: SHOW COLUMNS FROM `user_score` [ RunTime:0.0070s ]
SQL: SHOW COLUMNS FROM `user_taste_value` [ RunTime:0.0050s ]
SQL: SHOW COLUMNS FROM `movie` [ RunTime:0.0060s ]
SQL: select * from USER where username = '杨月' AND password ='123456' [ RunTime:0.0010s ]
SQL: select movie_id from user_score WHERE  user_name = '杨月' [ RunTime:0.0010s ]
SQL: select id,style from movie [ RunTime:0.0890s ]

[ 2017-05-10T11:36:52+08:00 ] 127.0.0.1 /index.php/Home/Recommend
INFO: [ app_init ] --START--
INFO: Run Behavior\BuildLiteBehavior [ RunTime:0.000000s ]
INFO: [ app_init ] --END-- [ RunTime:0.001000s ]
INFO: [ app_begin ] --START--
INFO: Run Behavior\ReadHtmlCacheBehavior [ RunTime:0.002000s ]
INFO: [ app_begin ] --END-- [ RunTime:0.002000s ]
SQL: SHOW COLUMNS FROM `movie` [ RunTime:0.0050s ]
SQL: SHOW COLUMNS FROM `user_score` [ RunTime:0.0050s ]
SQL: SHOW COLUMNS FROM `user_taste_value` [ RunTime:0.0070s ]
SQL: SHOW COLUMNS FROM `movie` [ RunTime:0.0040s ]
SQL: select * from USER where username = '杨月' AND password ='123456' [ RunTime:0.0000s ]
SQL: select movie_id from user_score WHERE  user_name = '杨月' [ RunTime:0.0000s ]
SQL: select id,style from movie [ RunTime:0.1000s ]

[ 2017-05-10T11:36:53+08:00 ] 127.0.0.1 /index.php/Home/Recommend
INFO: [ app_init ] --START--
INFO: Run Behavior\BuildLiteBehavior [ RunTime:0.000000s ]
INFO: [ app_init ] --END-- [ RunTime:0.000000s ]
INFO: [ app_begin ] --START--
INFO: Run Behavior\ReadHtmlCacheBehavior [ RunTime:0.001000s ]
INFO: [ app_begin ] --END-- [ RunTime:0.002000s ]
SQL: SHOW COLUMNS FROM `movie` [ RunTime:0.0060s ]
SQL: SHOW COLUMNS FROM `user_score` [ RunTime:0.0030s ]
SQL: SHOW COLUMNS FROM `user_taste_value` [ RunTime:0.0040s ]
SQL: SHOW COLUMNS FROM `movie` [ RunTime:0.0050s ]
SQL: select * from USER where username = '杨月' AND password ='123456' [ RunTime:0.0000s ]
SQL: select movie_id from user_score WHERE  user_name = '杨月' [ RunTime:0.0000s ]
SQL: select id,style from movie [ RunTime:0.1040s ]

[ 2017-05-10T11:37:01+08:00 ] 127.0.0.1 /index.php/Home/Recommend
INFO: [ app_init ] --START--
INFO: Run Behavior\BuildLiteBehavior [ RunTime:0.000000s ]
INFO: [ app_init ] --END-- [ RunTime:0.002001s ]
INFO: [ app_begin ] --START--
INFO: Run Behavior\ReadHtmlCacheBehavior [ RunTime:0.001000s ]
INFO: [ app_begin ] --END-- [ RunTime:0.002000s ]
SQL: SHOW COLUMNS FROM `movie` [ RunTime:0.0070s ]
SQL: SHOW COLUMNS FROM `user_score` [ RunTime:0.0070s ]
SQL: SHOW COLUMNS FROM `user_taste_value` [ RunTime:0.0050s ]
SQL: SHOW COLUMNS FROM `movie` [ RunTime:0.0050s ]
SQL: select * from USER where username = '杨月' AND password ='123456' [ RunTime:0.0010s ]
SQL: select movie_id from user_score WHERE  user_name = '杨月' [ RunTime:0.0000s ]
SQL: select id,style from movie [ RunTime:0.0920s ]

[ 2017-05-10T11:37:47+08:00 ] 127.0.0.1 /index.php/Home/Recommend
INFO: [ app_init ] --START--
INFO: Run Behavior\BuildLiteBehavior [ RunTime:0.000000s ]
INFO: [ app_init ] --END-- [ RunTime:0.001000s ]
INFO: [ app_begin ] --START--
INFO: Run Behavior\ReadHtmlCacheBehavior [ RunTime:0.001000s ]
INFO: [ app_begin ] --END-- [ RunTime:0.001000s ]
SQL: SHOW COLUMNS FROM `movie` [ RunTime:0.0050s ]
SQL: SHOW COLUMNS FROM `user_score` [ RunTime:0.0040s ]
SQL: SHOW COLUMNS FROM `user_taste_value` [ RunTime:0.0030s ]
SQL: SHOW COLUMNS FROM `movie` [ RunTime:0.0030s ]
SQL: select * from USER where username = '杨月' AND password ='123456' [ RunTime:0.0000s ]
SQL: select movie_id from user_score WHERE  user_name = '杨月' [ RunTime:0.0010s ]
SQL: select id,style from movie [ RunTime:0.0640s ]

[ 2017-05-10T11:38:22+08:00 ] 127.0.0.1 /index.php/Home/Recommend
INFO: [ app_init ] --START--
INFO: Run Behavior\BuildLiteBehavior [ RunTime:0.000000s ]
INFO: [ app_init ] --END-- [ RunTime:0.001000s ]
INFO: [ app_begin ] --START--
INFO: Run Behavior\ReadHtmlCacheBehavior [ RunTime:0.001000s ]
INFO: [ app_begin ] --END-- [ RunTime:0.001000s ]
SQL: SHOW COLUMNS FROM `movie` [ RunTime:0.0040s ]
SQL: SHOW COLUMNS FROM `user_score` [ RunTime:0.0030s ]
SQL: SHOW COLUMNS FROM `user_taste_value` [ RunTime:0.0050s ]
SQL: SHOW COLUMNS FROM `movie` [ RunTime:0.0040s ]
SQL: select * from USER where username = '杨月' AND password ='123456' [ RunTime:0.0010s ]
SQL: select movie_id from user_score WHERE  user_name = '杨月' [ RunTime:0.0000s ]
SQL: select id,style from movie [ RunTime:0.0790s ]

[ 2017-05-10T11:38:29+08:00 ] 127.0.0.1 /index.php/Home/Recommend
INFO: [ app_init ] --START--
INFO: Run Behavior\BuildLiteBehavior [ RunTime:0.000000s ]
INFO: [ app_init ] --END-- [ RunTime:0.000000s ]
INFO: [ app_begin ] --START--
INFO: Run Behavior\ReadHtmlCacheBehavior [ RunTime:0.001000s ]
INFO: [ app_begin ] --END-- [ RunTime:0.001000s ]
SQL: SHOW COLUMNS FROM `movie` [ RunTime:0.0040s ]
SQL: SHOW COLUMNS FROM `user_score` [ RunTime:0.0040s ]
SQL: SHOW COLUMNS FROM `user_taste_value` [ RunTime:0.0030s ]
SQL: SHOW COLUMNS FROM `movie` [ RunTime:0.0040s ]
SQL: select * from USER where username = '杨月' AND password ='123456' [ RunTime:0.0010s ]
SQL: select movie_id from user_score WHERE  user_name = '杨月' [ RunTime:0.0000s ]
SQL: select id,style from movie [ RunTime:0.0820s ]

[ 2017-05-10T11:39:06+08:00 ] 127.0.0.1 /
INFO: [ app_init ] --START--
INFO: Run Behavior\BuildLiteBehavior [ RunTime:0.000000s ]
INFO: [ app_init ] --END-- [ RunTime:0.001000s ]
INFO: [ app_begin ] --START--
INFO: Run Behavior\ReadHtmlCacheBehavior [ RunTime:0.001000s ]
INFO: [ app_begin ] --END-- [ RunTime:0.002000s ]
SQL: SHOW COLUMNS FROM `movie` [ RunTime:0.0040s ]
SQL: select id,title,rate,cover from movie WHERE is_new=1 [ RunTime:0.0140s ]
INFO: [ view_parse ] --START--
INFO: [ template_filter ] --START--
INFO: Run Behavior\ContentReplaceBehavior [ RunTime:0.000000s ]
INFO: [ template_filter ] --END-- [ RunTime:0.000000s ]
NOTIC: [8] Undefined variable: page E:\wamp\www\movie\recommend\Application\Runtime\Cache\Home\2a94b8bda04ff446dcedd42276fc99ee.php 第 101 行.
INFO: Run Behavior\ParseTemplateBehavior [ RunTime:0.015001s ]
INFO: [ view_parse ] --END-- [ RunTime:0.015001s ]
INFO: [ view_filter ] --START--
INFO: Run Behavior\WriteHtmlCacheBehavior [ RunTime:0.001000s ]
INFO: [ view_filter ] --END-- [ RunTime:0.001000s ]
INFO: [ app_end ] --START--
INFO: Run Behavior\ShowPageTraceBehavior [ RunTime:0.001001s ]
INFO: [ app_end ] --END-- [ RunTime:0.001001s ]

[ 2017-05-10T11:39:11+08:00 ] 127.0.0.1 /index.php/Home/Recommend
INFO: [ app_init ] --START--
INFO: Run Behavior\BuildLiteBehavior [ RunTime:0.000000s ]
INFO: [ app_init ] --END-- [ RunTime:0.001000s ]
INFO: [ app_begin ] --START--
INFO: Run Behavior\ReadHtmlCacheBehavior [ RunTime:0.001000s ]
INFO: [ app_begin ] --END-- [ RunTime:0.001000s ]
SQL: SHOW COLUMNS FROM `movie` [ RunTime:0.0050s ]
SQL: SHOW COLUMNS FROM `user_score` [ RunTime:0.0050s ]
SQL: SHOW COLUMNS FROM `user_taste_value` [ RunTime:0.0030s ]
SQL: SHOW COLUMNS FROM `movie` [ RunTime:0.0040s ]
SQL: select * from USER where username = '杨月' AND password ='123456' [ RunTime:0.0000s ]
SQL: select movie_id from user_score WHERE  user_name = '杨月' [ RunTime:0.0000s ]
SQL: select id,style from movie [ RunTime:0.0720s ]

[ 2017-05-10T11:39:22+08:00 ] 127.0.0.1 /index.php/Home/Recommend
INFO: [ app_init ] --START--
INFO: Run Behavior\BuildLiteBehavior [ RunTime:0.000000s ]
INFO: [ app_init ] --END-- [ RunTime:0.001000s ]
INFO: [ app_begin ] --START--
INFO: Run Behavior\ReadHtmlCacheBehavior [ RunTime:0.001000s ]
INFO: [ app_begin ] --END-- [ RunTime:0.001000s ]
SQL: SHOW COLUMNS FROM `movie` [ RunTime:0.0070s ]
SQL: SHOW COLUMNS FROM `user_score` [ RunTime:0.0040s ]
SQL: SHOW COLUMNS FROM `user_taste_value` [ RunTime:0.0040s ]
SQL: SHOW COLUMNS FROM `movie` [ RunTime:0.0050s ]
SQL: select * from USER where username = '杨月' AND password ='123456' [ RunTime:0.0000s ]
SQL: select movie_id from user_score WHERE  user_name = '杨月' [ RunTime:0.0000s ]
SQL: select id,style from movie [ RunTime:0.0810s ]

[ 2017-05-10T11:39:25+08:00 ] 127.0.0.1 /index.php/Home/Recommend
INFO: [ app_init ] --START--
INFO: Run Behavior\BuildLiteBehavior [ RunTime:0.000000s ]
INFO: [ app_init ] --END-- [ RunTime:0.001000s ]
INFO: [ app_begin ] --START--
INFO: Run Behavior\ReadHtmlCacheBehavior [ RunTime:0.001000s ]
INFO: [ app_begin ] --END-- [ RunTime:0.001000s ]
SQL: SHOW COLUMNS FROM `movie` [ RunTime:0.0050s ]
SQL: SHOW COLUMNS FROM `user_score` [ RunTime:0.0060s ]
SQL: SHOW COLUMNS FROM `user_taste_value` [ RunTime:0.0050s ]
SQL: SHOW COLUMNS FROM `movie` [ RunTime:0.0060s ]
SQL: select * from USER where username = '杨月' AND password ='123456' [ RunTime:0.0000s ]
SQL: select movie_id from user_score WHERE  user_name = '杨月' [ RunTime:0.0010s ]
SQL: select id,style from movie [ RunTime:0.0920s ]

[ 2017-05-10T11:40:56+08:00 ] 127.0.0.1 /index.php/Home/Recommend
INFO: [ app_init ] --START--
INFO: Run Behavior\BuildLiteBehavior [ RunTime:0.000000s ]
INFO: [ app_init ] --END-- [ RunTime:0.001000s ]
INFO: [ app_begin ] --START--
INFO: Run Behavior\ReadHtmlCacheBehavior [ RunTime:0.002000s ]
INFO: [ app_begin ] --END-- [ RunTime:0.002000s ]
SQL: SHOW COLUMNS FROM `movie` [ RunTime:0.0080s ]
SQL: SHOW COLUMNS FROM `user_score` [ RunTime:0.0080s ]
SQL: SHOW COLUMNS FROM `user_taste_value` [ RunTime:0.0060s ]
SQL: SHOW COLUMNS FROM `movie` [ RunTime:0.0060s ]
SQL: select * from USER where username = '杨月' AND password ='123456' [ RunTime:0.0010s ]
SQL: select movie_id from user_score WHERE  user_name = '杨月' [ RunTime:0.0010s ]
SQL: select id,style from movie [ RunTime:0.1230s ]

[ 2017-05-10T11:42:07+08:00 ] 127.0.0.1 /index.php/Home/Recommend
INFO: [ app_init ] --START--
INFO: Run Behavior\BuildLiteBehavior [ RunTime:0.000000s ]
INFO: [ app_init ] --END-- [ RunTime:0.001000s ]
INFO: [ app_begin ] --START--
INFO: Run Behavior\ReadHtmlCacheBehavior [ RunTime:0.001000s ]
INFO: [ app_begin ] --END-- [ RunTime:0.002000s ]
SQL: SHOW COLUMNS FROM `movie` [ RunTime:0.0050s ]
SQL: SHOW COLUMNS FROM `user_score` [ RunTime:0.0050s ]
SQL: SHOW COLUMNS FROM `user_taste_value` [ RunTime:0.0050s ]
SQL: SHOW COLUMNS FROM `movie` [ RunTime:0.0040s ]
SQL: select * from USER where username = '杨月' AND password ='123456' [ RunTime:0.0010s ]
SQL: select movie_id from user_score WHERE  user_name = '杨月' [ RunTime:0.0000s ]
SQL: select id,style from movie [ RunTime:0.0740s ]

[ 2017-05-10T11:45:35+08:00 ] 127.0.0.1 /index.php/Home/Recommend
INFO: [ app_init ] --START--
INFO: Run Behavior\BuildLiteBehavior [ RunTime:0.000000s ]
INFO: [ app_init ] --END-- [ RunTime:0.001000s ]
INFO: [ app_begin ] --START--
INFO: Run Behavior\ReadHtmlCacheBehavior [ RunTime:0.001000s ]
INFO: [ app_begin ] --END-- [ RunTime:0.001000s ]
SQL: SHOW COLUMNS FROM `movie` [ RunTime:0.0040s ]
SQL: SHOW COLUMNS FROM `user_score` [ RunTime:0.0030s ]
SQL: SHOW COLUMNS FROM `user_taste_value` [ RunTime:0.0030s ]
SQL: SHOW COLUMNS FROM `movie` [ RunTime:0.0040s ]
SQL: select * from USER where username = '杨月' AND password ='123456' [ RunTime:0.0000s ]
SQL: select movie_id from user_score WHERE  user_name = '杨月' [ RunTime:0.0010s ]
SQL: select id,style from movie [ RunTime:0.0670s ]

[ 2017-05-10T11:46:15+08:00 ] 127.0.0.1 /index.php/Home/Recommend
INFO: [ app_init ] --START--
INFO: Run Behavior\BuildLiteBehavior [ RunTime:0.000000s ]
INFO: [ app_init ] --END-- [ RunTime:0.001000s ]
INFO: [ app_begin ] --START--
INFO: Run Behavior\ReadHtmlCacheBehavior [ RunTime:0.001000s ]
INFO: [ app_begin ] --END-- [ RunTime:0.001000s ]
SQL: SHOW COLUMNS FROM `movie` [ RunTime:0.0050s ]
SQL: SHOW COLUMNS FROM `user_score` [ RunTime:0.0040s ]
SQL: SHOW COLUMNS FROM `user_taste_value` [ RunTime:0.0050s ]
SQL: SHOW COLUMNS FROM `movie` [ RunTime:0.0050s ]
SQL: select * from USER where username = '杨月' AND password ='123456' [ RunTime:0.0000s ]
SQL: select movie_id from user_score WHERE  user_name = '杨月' [ RunTime:0.0000s ]
SQL: select id,style from movie [ RunTime:0.0830s ]

[ 2017-05-10T11:46:27+08:00 ] 127.0.0.1 /index.php/Home/Recommend
INFO: [ app_init ] --START--
INFO: Run Behavior\BuildLiteBehavior [ RunTime:0.000000s ]
INFO: [ app_init ] --END-- [ RunTime:0.001000s ]
INFO: [ app_begin ] --START--
INFO: Run Behavior\ReadHtmlCacheBehavior [ RunTime:0.001001s ]
INFO: [ app_begin ] --END-- [ RunTime:0.002001s ]
SQL: SHOW COLUMNS FROM `movie` [ RunTime:0.0060s ]
SQL: SHOW COLUMNS FROM `user_score` [ RunTime:0.0040s ]
SQL: SHOW COLUMNS FROM `user_taste_value` [ RunTime:0.0040s ]
SQL: SHOW COLUMNS FROM `movie` [ RunTime:0.0040s ]
SQL: select * from USER where username = '杨月' AND password ='123456' [ RunTime:0.0010s ]
SQL: select movie_id from user_score WHERE  user_name = '杨月' [ RunTime:0.0000s ]
SQL: select id,style from movie [ RunTime:0.0910s ]

[ 2017-05-10T11:46:58+08:00 ] 127.0.0.1 /index.php/Home/Recommend
INFO: [ app_init ] --START--
INFO: Run Behavior\BuildLiteBehavior [ RunTime:0.000000s ]
INFO: [ app_init ] --END-- [ RunTime:0.001000s ]
INFO: [ app_begin ] --START--
INFO: Run Behavior\ReadHtmlCacheBehavior [ RunTime:0.001000s ]
INFO: [ app_begin ] --END-- [ RunTime:0.001000s ]
SQL: SHOW COLUMNS FROM `movie` [ RunTime:0.0040s ]
SQL: SHOW COLUMNS FROM `user_score` [ RunTime:0.0040s ]
SQL: SHOW COLUMNS FROM `user_taste_value` [ RunTime:0.0030s ]
SQL: SHOW COLUMNS FROM `movie` [ RunTime:0.0030s ]
SQL: select * from USER where username = '杨月' AND password ='123456' [ RunTime:0.0000s ]
SQL: select movie_id from user_score WHERE  user_name = '杨月' [ RunTime:0.0000s ]
SQL: select id,style from movie [ RunTime:0.0780s ]

[ 2017-05-10T11:47:02+08:00 ] 127.0.0.1 /
INFO: [ app_init ] --START--
INFO: Run Behavior\BuildLiteBehavior [ RunTime:0.000000s ]
INFO: [ app_init ] --END-- [ RunTime:0.001000s ]
INFO: [ app_begin ] --START--
INFO: Run Behavior\ReadHtmlCacheBehavior [ RunTime:0.001000s ]
INFO: [ app_begin ] --END-- [ RunTime:0.001000s ]
SQL: SHOW COLUMNS FROM `movie` [ RunTime:0.0040s ]
SQL: select id,title,rate,cover from movie WHERE is_new=1 [ RunTime:0.0120s ]
INFO: [ view_parse ] --START--
INFO: [ template_filter ] --START--
INFO: Run Behavior\ContentReplaceBehavior [ RunTime:0.000000s ]
INFO: [ template_filter ] --END-- [ RunTime:0.000000s ]
NOTIC: [8] Undefined variable: page E:\wamp\www\movie\recommend\Application\Runtime\Cache\Home\2a94b8bda04ff446dcedd42276fc99ee.php 第 101 行.
INFO: Run Behavior\ParseTemplateBehavior [ RunTime:0.014001s ]
INFO: [ view_parse ] --END-- [ RunTime:0.015001s ]
INFO: [ view_filter ] --START--
INFO: Run Behavior\WriteHtmlCacheBehavior [ RunTime:0.000000s ]
INFO: [ view_filter ] --END-- [ RunTime:0.001000s ]
INFO: [ app_end ] --START--
INFO: Run Behavior\ShowPageTraceBehavior [ RunTime:0.001000s ]
INFO: [ app_end ] --END-- [ RunTime:0.001000s ]

[ 2017-05-10T11:47:21+08:00 ] 127.0.0.1 /index.php/Home/Recommend
INFO: [ app_init ] --START--
INFO: Run Behavior\BuildLiteBehavior [ RunTime:0.000000s ]
INFO: [ app_init ] --END-- [ RunTime:0.000000s ]
INFO: [ app_begin ] --START--
INFO: Run Behavior\ReadHtmlCacheBehavior [ RunTime:0.001000s ]
INFO: [ app_begin ] --END-- [ RunTime:0.001000s ]
SQL: SHOW COLUMNS FROM `movie` [ RunTime:0.0040s ]
SQL: SHOW COLUMNS FROM `user_score` [ RunTime:0.0050s ]
SQL: SHOW COLUMNS FROM `user_taste_value` [ RunTime:0.0040s ]
SQL: SHOW COLUMNS FROM `movie` [ RunTime:0.0030s ]
SQL: select * from USER where username = '杨月' AND password ='123456' [ RunTime:0.0000s ]
SQL: select movie_id from user_score WHERE  user_name = '杨月' [ RunTime:0.0000s ]
SQL: select id,style from movie [ RunTime:0.0660s ]

[ 2017-05-10T11:47:46+08:00 ] 127.0.0.1 /index.php/Home/Recommend
INFO: [ app_init ] --START--
INFO: Run Behavior\BuildLiteBehavior [ RunTime:0.000000s ]
INFO: [ app_init ] --END-- [ RunTime:0.001000s ]
INFO: [ app_begin ] --START--
INFO: Run Behavior\ReadHtmlCacheBehavior [ RunTime:0.002000s ]
INFO: [ app_begin ] --END-- [ RunTime:0.002000s ]
SQL: SHOW COLUMNS FROM `movie` [ RunTime:0.0050s ]
SQL: SHOW COLUMNS FROM `user_score` [ RunTime:0.0070s ]
SQL: SHOW COLUMNS FROM `user_taste_value` [ RunTime:0.0060s ]
SQL: SHOW COLUMNS FROM `movie` [ RunTime:0.0060s ]
SQL: select * from USER where username = '杨月' AND password ='123456' [ RunTime:0.0000s ]
SQL: select movie_id from user_score WHERE  user_name = '杨月' [ RunTime:0.0000s ]
SQL: select id,style from movie [ RunTime:0.0850s ]

[ 2017-05-10T11:47:59+08:00 ] 127.0.0.1 /index.php/Home/Recommend
INFO: [ app_init ] --START--
INFO: Run Behavior\BuildLiteBehavior [ RunTime:0.000000s ]
INFO: [ app_init ] --END-- [ RunTime:0.001000s ]
INFO: [ app_begin ] --START--
INFO: Run Behavior\ReadHtmlCacheBehavior [ RunTime:0.001000s ]
INFO: [ app_begin ] --END-- [ RunTime:0.002000s ]
SQL: SHOW COLUMNS FROM `movie` [ RunTime:0.0040s ]
SQL: SHOW COLUMNS FROM `user_score` [ RunTime:0.0050s ]
SQL: SHOW COLUMNS FROM `user_taste_value` [ RunTime:0.0060s ]
SQL: SHOW COLUMNS FROM `movie` [ RunTime:0.0040s ]
SQL: select * from USER where username = '杨月' AND password ='123456' [ RunTime:0.0010s ]
SQL: select movie_id from user_score WHERE  user_name = '杨月' [ RunTime:0.0000s ]
SQL: select id,style from movie [ RunTime:0.0800s ]

[ 2017-05-10T11:48:05+08:00 ] 127.0.0.1 /index.php/Home/Recommend
INFO: [ app_init ] --START--
INFO: Run Behavior\BuildLiteBehavior [ RunTime:0.000000s ]
INFO: [ app_init ] --END-- [ RunTime:0.001000s ]
INFO: [ app_begin ] --START--
INFO: Run Behavior\ReadHtmlCacheBehavior [ RunTime:0.002001s ]
INFO: [ app_begin ] --END-- [ RunTime:0.002001s ]
SQL: SHOW COLUMNS FROM `movie` [ RunTime:0.0040s ]
SQL: SHOW COLUMNS FROM `user_score` [ RunTime:0.0050s ]
SQL: SHOW COLUMNS FROM `user_taste_value` [ RunTime:0.0070s ]
SQL: SHOW COLUMNS FROM `movie` [ RunTime:0.0040s ]
SQL: select * from USER where username = '杨月' AND password ='123456' [ RunTime:0.0010s ]
SQL: select movie_id from user_score WHERE  user_name = '杨月' [ RunTime:0.0000s ]
SQL: select id,style from movie [ RunTime:0.0900s ]

[ 2017-05-10T11:48:51+08:00 ] 127.0.0.1 /index.php/Home/Recommend
INFO: [ app_init ] --START--
INFO: Run Behavior\BuildLiteBehavior [ RunTime:0.000000s ]
INFO: [ app_init ] --END-- [ RunTime:0.001000s ]
INFO: [ app_begin ] --START--
INFO: Run Behavior\ReadHtmlCacheBehavior [ RunTime:0.001000s ]
INFO: [ app_begin ] --END-- [ RunTime:0.001000s ]
SQL: SHOW COLUMNS FROM `movie` [ RunTime:0.0040s ]
SQL: SHOW COLUMNS FROM `user_score` [ RunTime:0.0050s ]
SQL: SHOW COLUMNS FROM `user_taste_value` [ RunTime:0.0030s ]
SQL: SHOW COLUMNS FROM `movie` [ RunTime:0.0030s ]
SQL: select * from USER where username = '杨月' AND password ='123456' [ RunTime:0.0000s ]
SQL: select movie_id from user_score WHERE  user_name = '杨月' [ RunTime:0.0000s ]
SQL: select id,style from movie [ RunTime:0.0700s ]

[ 2017-05-10T11:49:08+08:00 ] 127.0.0.1 /index.php/Home/Recommend
INFO: [ app_init ] --START--
INFO: Run Behavior\BuildLiteBehavior [ RunTime:0.001000s ]
INFO: [ app_init ] --END-- [ RunTime:0.001000s ]
INFO: [ app_begin ] --START--
INFO: Run Behavior\ReadHtmlCacheBehavior [ RunTime:0.000000s ]
INFO: [ app_begin ] --END-- [ RunTime:0.001000s ]
SQL: SHOW COLUMNS FROM `movie` [ RunTime:0.0050s ]
SQL: SHOW COLUMNS FROM `user_score` [ RunTime:0.0040s ]
SQL: SHOW COLUMNS FROM `user_taste_value` [ RunTime:0.0040s ]
SQL: SHOW COLUMNS FROM `movie` [ RunTime:0.0050s ]
SQL: select * from USER where username = '杨月' AND password ='123456' [ RunTime:0.0000s ]
SQL: select movie_id from user_score WHERE  user_name = '杨月' [ RunTime:0.0000s ]
SQL: select id,style from movie [ RunTime:0.0730s ]

[ 2017-05-10T11:50:02+08:00 ] 127.0.0.1 /index.php/Home/Recommend
INFO: [ app_init ] --START--
INFO: Run Behavior\BuildLiteBehavior [ RunTime:0.000000s ]
INFO: [ app_init ] --END-- [ RunTime:0.000000s ]
INFO: [ app_begin ] --START--
INFO: Run Behavior\ReadHtmlCacheBehavior [ RunTime:0.001000s ]
INFO: [ app_begin ] --END-- [ RunTime:0.001000s ]
SQL: SHOW COLUMNS FROM `movie` [ RunTime:0.0030s ]
SQL: SHOW COLUMNS FROM `user_score` [ RunTime:0.0060s ]
SQL: SHOW COLUMNS FROM `user_taste_value` [ RunTime:0.0050s ]
SQL: SHOW COLUMNS FROM `movie` [ RunTime:0.0050s ]
SQL: select * from USER where username = '杨月' AND password ='123456' [ RunTime:0.0000s ]
SQL: select movie_id from user_score WHERE  user_name = '杨月' [ RunTime:0.0010s ]
SQL: select id,style from movie [ RunTime:0.0800s ]

[ 2017-05-10T11:51:23+08:00 ] 127.0.0.1 /index.php/Home/Recommend
INFO: [ app_init ] --START--
INFO: Run Behavior\BuildLiteBehavior [ RunTime:0.000000s ]
INFO: [ app_init ] --END-- [ RunTime:0.000000s ]
INFO: [ app_begin ] --START--
INFO: Run Behavior\ReadHtmlCacheBehavior [ RunTime:0.001000s ]
INFO: [ app_begin ] --END-- [ RunTime:0.002000s ]
SQL: SHOW COLUMNS FROM `movie` [ RunTime:0.0030s ]
SQL: SHOW COLUMNS FROM `user_score` [ RunTime:0.0030s ]
SQL: SHOW COLUMNS FROM `user_taste_value` [ RunTime:0.0050s ]
SQL: SHOW COLUMNS FROM `movie` [ RunTime:0.0030s ]
SQL: select * from USER where username = '杨月' AND password ='123456' [ RunTime:0.0010s ]
SQL: select movie_id from user_score WHERE  user_name = '杨月' [ RunTime:0.0000s ]
SQL: select id,style from movie [ RunTime:0.0700s ]

[ 2017-05-10T11:51:31+08:00 ] 127.0.0.1 /
INFO: [ app_init ] --START--
INFO: Run Behavior\BuildLiteBehavior [ RunTime:0.000000s ]
INFO: [ app_init ] --END-- [ RunTime:0.000000s ]
INFO: [ app_begin ] --START--
INFO: Run Behavior\ReadHtmlCacheBehavior [ RunTime:0.000000s ]
INFO: [ app_begin ] --END-- [ RunTime:0.000000s ]
SQL: SHOW COLUMNS FROM `movie` [ RunTime:0.0040s ]
SQL: select id,title,rate,cover from movie WHERE is_new=1 [ RunTime:0.0120s ]
INFO: [ view_parse ] --START--
INFO: [ template_filter ] --START--
INFO: Run Behavior\ContentReplaceBehavior [ RunTime:0.000000s ]
INFO: [ template_filter ] --END-- [ RunTime:0.001000s ]
NOTIC: [8] Undefined variable: page E:\wamp\www\movie\recommend\Application\Runtime\Cache\Home\2a94b8bda04ff446dcedd42276fc99ee.php 第 101 行.
INFO: Run Behavior\ParseTemplateBehavior [ RunTime:0.017001s ]
INFO: [ view_parse ] --END-- [ RunTime:0.017001s ]
INFO: [ view_filter ] --START--
INFO: Run Behavior\WriteHtmlCacheBehavior [ RunTime:0.001000s ]
INFO: [ view_filter ] --END-- [ RunTime:0.001000s ]
INFO: [ app_end ] --START--
INFO: Run Behavior\ShowPageTraceBehavior [ RunTime:0.001000s ]
INFO: [ app_end ] --END-- [ RunTime:0.001000s ]

[ 2017-05-10T11:51:35+08:00 ] 127.0.0.1 /index.php/Home/Recommend
INFO: [ app_init ] --START--
INFO: Run Behavior\BuildLiteBehavior [ RunTime:0.000000s ]
INFO: [ app_init ] --END-- [ RunTime:0.000000s ]
INFO: [ app_begin ] --START--
INFO: Run Behavior\ReadHtmlCacheBehavior [ RunTime:0.001000s ]
INFO: [ app_begin ] --END-- [ RunTime:0.001000s ]
SQL: SHOW COLUMNS FROM `movie` [ RunTime:0.0040s ]
SQL: SHOW COLUMNS FROM `user_score` [ RunTime:0.0040s ]
SQL: SHOW COLUMNS FROM `user_taste_value` [ RunTime:0.0050s ]
SQL: SHOW COLUMNS FROM `movie` [ RunTime:0.0030s ]
SQL: select * from USER where username = '杨月' AND password ='123456' [ RunTime:0.0010s ]
SQL: select movie_id from user_score WHERE  user_name = '杨月' [ RunTime:0.0000s ]
SQL: select id,style from movie [ RunTime:0.0680s ]

[ 2017-05-10T11:53:44+08:00 ] 127.0.0.1 /
INFO: [ app_init ] --START--
INFO: Run Behavior\BuildLiteBehavior [ RunTime:0.000000s ]
INFO: [ app_init ] --END-- [ RunTime:0.000000s ]
INFO: [ app_begin ] --START--
INFO: Run Behavior\ReadHtmlCacheBehavior [ RunTime:0.001001s ]
INFO: [ app_begin ] --END-- [ RunTime:0.002001s ]
SQL: SHOW COLUMNS FROM `movie` [ RunTime:0.0040s ]
SQL: select id,title,rate,cover from movie WHERE is_new=1 [ RunTime:0.0120s ]
INFO: [ view_parse ] --START--
INFO: [ template_filter ] --START--
INFO: Run Behavior\ContentReplaceBehavior [ RunTime:0.000000s ]
INFO: [ template_filter ] --END-- [ RunTime:0.000000s ]
NOTIC: [8] Undefined variable: page E:\wamp\www\movie\recommend\Application\Runtime\Cache\Home\2a94b8bda04ff446dcedd42276fc99ee.php 第 101 行.
INFO: Run Behavior\ParseTemplateBehavior [ RunTime:0.016001s ]
INFO: [ view_parse ] --END-- [ RunTime:0.016001s ]
INFO: [ view_filter ] --START--
INFO: Run Behavior\WriteHtmlCacheBehavior [ RunTime:0.001000s ]
INFO: [ view_filter ] --END-- [ RunTime:0.001000s ]
INFO: [ app_end ] --START--
INFO: Run Behavior\ShowPageTraceBehavior [ RunTime:0.001000s ]
INFO: [ app_end ] --END-- [ RunTime:0.001000s ]

[ 2017-05-10T11:53:46+08:00 ] 127.0.0.1 /index.php/Home/User/index
INFO: [ app_init ] --START--
INFO: Run Behavior\BuildLiteBehavior [ RunTime:0.000000s ]
INFO: [ app_init ] --END-- [ RunTime:0.000000s ]
INFO: [ app_begin ] --START--
INFO: Run Behavior\ReadHtmlCacheBehavior [ RunTime:0.000000s ]
INFO: [ app_begin ] --END-- [ RunTime:0.001000s ]
SQL: SHOW COLUMNS FROM `movie` [ RunTime:0.0040s ]
SQL: select * from USER where username = '杨月' AND password ='123456' [ RunTime:0.0010s ]
SQL: SHOW COLUMNS FROM `movie` [ RunTime:0.0030s ]
SQL: select tname tag from tags [ RunTime:0.0010s ]
INFO: [ view_parse ] --START--
INFO: [ template_filter ] --START--
INFO: Run Behavior\ContentReplaceBehavior [ RunTime:0.000000s ]
INFO: [ template_filter ] --END-- [ RunTime:0.001000s ]
INFO: Run Behavior\ParseTemplateBehavior [ RunTime:0.018001s ]
INFO: [ view_parse ] --END-- [ RunTime:0.019001s ]
INFO: [ view_filter ] --START--
INFO: Run Behavior\WriteHtmlCacheBehavior [ RunTime:0.000000s ]
INFO: [ view_filter ] --END-- [ RunTime:0.001000s ]
INFO: [ app_end ] --START--
INFO: Run Behavior\ShowPageTraceBehavior [ RunTime:0.001000s ]
INFO: [ app_end ] --END-- [ RunTime:0.001000s ]

[ 2017-05-10T11:53:53+08:00 ] 127.0.0.1 /index.php/Home/User/change
INFO: [ app_init ] --START--
INFO: Run Behavior\BuildLiteBehavior [ RunTime:0.000000s ]
INFO: [ app_init ] --END-- [ RunTime:0.001000s ]
INFO: [ app_begin ] --START--
INFO: Run Behavior\ReadHtmlCacheBehavior [ RunTime:0.001000s ]
INFO: [ app_begin ] --END-- [ RunTime:0.001000s ]
SQL: SHOW COLUMNS FROM `movie` [ RunTime:0.0040s ]
SQL: SHOW COLUMNS FROM `user_taste_value` [ RunTime:0.0040s ]
SQL: update user set username = '杨月',password= '123456',age = 21,sex = 1,tag =' Comedy, 纪录片 , 舞台艺术' WHERE id = 1 [ RunTime:0.0100s ]
SQL: delete from user_taste_value WHERE  user_id = 1 [ RunTime:0.0040s ]
SQL: truncate table user_taste_value [ RunTime:0.0230s ]
SQL: insert into user_taste_value(id,user_id,user_name,tags,tags_taste_value)VALUES(NULL,1,'杨月','Comedy',10) [ RunTime:0.0030s ]
SQL: insert into user_taste_value(id,user_id,user_name,tags,tags_taste_value)VALUES(NULL,1,'杨月','纪录片',10) [ RunTime:0.0020s ]
SQL: insert into user_taste_value(id,user_id,user_name,tags,tags_taste_value)VALUES(NULL,1,'杨月','舞台艺术',10) [ RunTime:0.0020s ]
INFO: [ view_parse ] --START--
INFO: [ template_filter ] --START--
INFO: Run Behavior\ContentReplaceBehavior [ RunTime:0.000000s ]
INFO: [ template_filter ] --END-- [ RunTime:0.000000s ]
INFO: Run Behavior\ParseTemplateBehavior [ RunTime:0.009000s ]
INFO: [ view_parse ] --END-- [ RunTime:0.010000s ]
INFO: [ view_filter ] --START--
INFO: Run Behavior\WriteHtmlCacheBehavior [ RunTime:0.001000s ]
INFO: [ view_filter ] --END-- [ RunTime:0.001000s ]
INFO: [ app_end ] --START--
INFO: Run Behavior\ShowPageTraceBehavior [ RunTime:0.001000s ]
INFO: [ app_end ] --END-- [ RunTime:0.001000s ]

[ 2017-05-10T11:53:54+08:00 ] 127.0.0.1 /index.php/Home/User/index
INFO: [ app_init ] --START--
INFO: Run Behavior\BuildLiteBehavior [ RunTime:0.000000s ]
INFO: [ app_init ] --END-- [ RunTime:0.000000s ]
INFO: [ app_begin ] --START--
INFO: Run Behavior\ReadHtmlCacheBehavior [ RunTime:0.000000s ]
INFO: [ app_begin ] --END-- [ RunTime:0.001000s ]
SQL: SHOW COLUMNS FROM `movie` [ RunTime:0.0040s ]
SQL: select * from USER where username = '杨月' AND password ='123456' [ RunTime:0.0010s ]
SQL: SHOW COLUMNS FROM `movie` [ RunTime:0.0040s ]
SQL: select tname tag from tags [ RunTime:0.0010s ]
INFO: [ view_parse ] --START--
INFO: [ template_filter ] --START--
INFO: Run Behavior\ContentReplaceBehavior [ RunTime:0.000000s ]
INFO: [ template_filter ] --END-- [ RunTime:0.000000s ]
INFO: Run Behavior\ParseTemplateBehavior [ RunTime:0.017001s ]
INFO: [ view_parse ] --END-- [ RunTime:0.017001s ]
INFO: [ view_filter ] --START--
INFO: Run Behavior\WriteHtmlCacheBehavior [ RunTime:0.000000s ]
INFO: [ view_filter ] --END-- [ RunTime:0.001000s ]
INFO: [ app_end ] --START--
INFO: Run Behavior\ShowPageTraceBehavior [ RunTime:0.001000s ]
INFO: [ app_end ] --END-- [ RunTime:0.001000s ]

[ 2017-05-10T11:53:58+08:00 ] 127.0.0.1 /index.php/Home/Recommend
INFO: [ app_init ] --START--
INFO: Run Behavior\BuildLiteBehavior [ RunTime:0.000000s ]
INFO: [ app_init ] --END-- [ RunTime:0.000000s ]
INFO: [ app_begin ] --START--
INFO: Run Behavior\ReadHtmlCacheBehavior [ RunTime:0.001000s ]
INFO: [ app_begin ] --END-- [ RunTime:0.001000s ]
SQL: SHOW COLUMNS FROM `movie` [ RunTime:0.0040s ]
SQL: SHOW COLUMNS FROM `user_score` [ RunTime:0.0040s ]
SQL: SHOW COLUMNS FROM `user_taste_value` [ RunTime:0.0050s ]
SQL: SHOW COLUMNS FROM `movie` [ RunTime:0.0030s ]
SQL: select * from USER where username = '杨月' AND password ='123456' [ RunTime:0.0000s ]
SQL: select movie_id from user_score WHERE  user_name = '杨月' [ RunTime:0.0010s ]
SQL: select id,style from movie [ RunTime:0.0710s ]

[ 2017-05-10T11:54:06+08:00 ] 127.0.0.1 /index.php/Home/Recommend
INFO: [ app_init ] --START--
INFO: Run Behavior\BuildLiteBehavior [ RunTime:0.000000s ]
INFO: [ app_init ] --END-- [ RunTime:0.001000s ]
INFO: [ app_begin ] --START--
INFO: Run Behavior\ReadHtmlCacheBehavior [ RunTime:0.001000s ]
INFO: [ app_begin ] --END-- [ RunTime:0.001000s ]
SQL: SHOW COLUMNS FROM `movie` [ RunTime:0.0090s ]
SQL: SHOW COLUMNS FROM `user_score` [ RunTime:0.0050s ]
SQL: SHOW COLUMNS FROM `user_taste_value` [ RunTime:0.0050s ]
SQL: SHOW COLUMNS FROM `movie` [ RunTime:0.0050s ]
SQL: select * from USER where username = '杨月' AND password ='123456' [ RunTime:0.0010s ]
SQL: select movie_id from user_score WHERE  user_name = '杨月' [ RunTime:0.0000s ]
SQL: select id,style from movie [ RunTime:0.1000s ]

[ 2017-05-10T11:55:32+08:00 ] 127.0.0.1 /index.php/Home/Recommend
INFO: [ app_init ] --START--
INFO: Run Behavior\BuildLiteBehavior [ RunTime:0.000000s ]
INFO: [ app_init ] --END-- [ RunTime:0.001000s ]
INFO: [ app_begin ] --START--
INFO: Run Behavior\ReadHtmlCacheBehavior [ RunTime:0.001000s ]
INFO: [ app_begin ] --END-- [ RunTime:0.001000s ]
SQL: SHOW COLUMNS FROM `movie` [ RunTime:0.0050s ]
SQL: SHOW COLUMNS FROM `user_score` [ RunTime:0.0040s ]
SQL: SHOW COLUMNS FROM `user_taste_value` [ RunTime:0.0030s ]
SQL: SHOW COLUMNS FROM `movie` [ RunTime:0.0050s ]
SQL: select * from USER where username = '杨月' AND password ='123456' [ RunTime:0.0000s ]
SQL: select movie_id from user_score WHERE  user_name = '杨月' [ RunTime:0.0000s ]
SQL: select id,style from movie [ RunTime:0.0680s ]

[ 2017-05-10T11:56:27+08:00 ] 127.0.0.1 /index.php/Home/User/index
INFO: [ app_init ] --START--
INFO: Run Behavior\BuildLiteBehavior [ RunTime:0.000000s ]
INFO: [ app_init ] --END-- [ RunTime:0.001000s ]
INFO: [ app_begin ] --START--
INFO: Run Behavior\ReadHtmlCacheBehavior [ RunTime:0.000000s ]
INFO: [ app_begin ] --END-- [ RunTime:0.001000s ]
SQL: SHOW COLUMNS FROM `movie` [ RunTime:0.0040s ]
SQL: select * from USER where username = '杨月' AND password ='123456' [ RunTime:0.0000s ]
SQL: SHOW COLUMNS FROM `movie` [ RunTime:0.0040s ]
SQL: select tname tag from tags [ RunTime:0.0000s ]
INFO: [ view_parse ] --START--
INFO: [ template_filter ] --START--
INFO: Run Behavior\ContentReplaceBehavior [ RunTime:0.000000s ]
INFO: [ template_filter ] --END-- [ RunTime:0.001000s ]
INFO: Run Behavior\ParseTemplateBehavior [ RunTime:0.019001s ]
INFO: [ view_parse ] --END-- [ RunTime:0.019001s ]
INFO: [ view_filter ] --START--
INFO: Run Behavior\WriteHtmlCacheBehavior [ RunTime:0.001000s ]
INFO: [ view_filter ] --END-- [ RunTime:0.001000s ]
INFO: [ app_end ] --START--
INFO: Run Behavior\ShowPageTraceBehavior [ RunTime:0.001000s ]
INFO: [ app_end ] --END-- [ RunTime:0.001000s ]

[ 2017-05-10T11:56:40+08:00 ] 127.0.0.1 /index.php/Home/User/change
INFO: [ app_init ] --START--
INFO: Run Behavior\BuildLiteBehavior [ RunTime:0.000000s ]
INFO: [ app_init ] --END-- [ RunTime:0.001000s ]
INFO: [ app_begin ] --START--
INFO: Run Behavior\ReadHtmlCacheBehavior [ RunTime:0.002000s ]
INFO: [ app_begin ] --END-- [ RunTime:0.002000s ]
SQL: SHOW COLUMNS FROM `movie` [ RunTime:0.0060s ]
SQL: SHOW COLUMNS FROM `user_taste_value` [ RunTime:0.0050s ]
SQL: update user set username = '杨月',password= '123456',age = 21,sex = 1,tag =' 历史, 战争, 武侠 ' WHERE id = 1 [ RunTime:0.0040s ]
SQL: delete from user_taste_value WHERE  user_id = 1 [ RunTime:0.0010s ]
SQL: truncate table user_taste_value [ RunTime:0.2830s ]
SQL: insert into user_taste_value(id,user_id,user_name,tags,tags_taste_value)VALUES(NULL,1,'杨月','历史',10) [ RunTime:0.0030s ]
SQL: insert into user_taste_value(id,user_id,user_name,tags,tags_taste_value)VALUES(NULL,1,'杨月','战争',10) [ RunTime:0.0030s ]
SQL: insert into user_taste_value(id,user_id,user_name,tags,tags_taste_value)VALUES(NULL,1,'杨月','武侠',10) [ RunTime:0.0030s ]
INFO: [ view_parse ] --START--
INFO: [ template_filter ] --START--
INFO: Run Behavior\ContentReplaceBehavior [ RunTime:0.000000s ]
INFO: [ template_filter ] --END-- [ RunTime:0.000000s ]
INFO: Run Behavior\ParseTemplateBehavior [ RunTime:0.020001s ]
INFO: [ view_parse ] --END-- [ RunTime:0.021002s ]
INFO: [ view_filter ] --START--
INFO: Run Behavior\WriteHtmlCacheBehavior [ RunTime:0.002000s ]
INFO: [ view_filter ] --END-- [ RunTime:0.002000s ]
INFO: [ app_end ] --START--
INFO: Run Behavior\ShowPageTraceBehavior [ RunTime:0.001000s ]
INFO: [ app_end ] --END-- [ RunTime:0.001000s ]

[ 2017-05-10T11:56:42+08:00 ] 127.0.0.1 /index.php/Home/User/index
INFO: [ app_init ] --START--
INFO: Run Behavior\BuildLiteBehavior [ RunTime:0.000000s ]
INFO: [ app_init ] --END-- [ RunTime:0.001000s ]
INFO: [ app_begin ] --START--
INFO: Run Behavior\ReadHtmlCacheBehavior [ RunTime:0.001000s ]
INFO: [ app_begin ] --END-- [ RunTime:0.001000s ]
SQL: SHOW COLUMNS FROM `movie` [ RunTime:0.0050s ]
SQL: select * from USER where username = '杨月' AND password ='123456' [ RunTime:0.0010s ]
SQL: SHOW COLUMNS FROM `movie` [ RunTime:0.0040s ]
SQL: select tname tag from tags [ RunTime:0.0010s ]
INFO: [ view_parse ] --START--
INFO: [ template_filter ] --START--
INFO: Run Behavior\ContentReplaceBehavior [ RunTime:0.000000s ]
INFO: [ template_filter ] --END-- [ RunTime:0.000000s ]
INFO: Run Behavior\ParseTemplateBehavior [ RunTime:0.020002s ]
INFO: [ view_parse ] --END-- [ RunTime:0.020002s ]
INFO: [ view_filter ] --START--
INFO: Run Behavior\WriteHtmlCacheBehavior [ RunTime:0.001000s ]
INFO: [ view_filter ] --END-- [ RunTime:0.001000s ]
INFO: [ app_end ] --START--
INFO: Run Behavior\ShowPageTraceBehavior [ RunTime:0.001000s ]
INFO: [ app_end ] --END-- [ RunTime:0.001000s ]

[ 2017-05-10T11:56:44+08:00 ] 127.0.0.1 /
INFO: [ app_init ] --START--
INFO: Run Behavior\BuildLiteBehavior [ RunTime:0.000000s ]
INFO: [ app_init ] --END-- [ RunTime:0.001000s ]
INFO: [ app_begin ] --START--
INFO: Run Behavior\ReadHtmlCacheBehavior [ RunTime:0.001000s ]
INFO: [ app_begin ] --END-- [ RunTime:0.001000s ]
SQL: SHOW COLUMNS FROM `movie` [ RunTime:0.0050s ]
SQL: select id,title,rate,cover from movie WHERE is_new=1 [ RunTime:0.0140s ]
INFO: [ view_parse ] --START--
INFO: [ template_filter ] --START--
INFO: Run Behavior\ContentReplaceBehavior [ RunTime:0.000000s ]
INFO: [ template_filter ] --END-- [ RunTime:0.001000s ]
NOTIC: [8] Undefined variable: page E:\wamp\www\movie\recommend\Application\Runtime\Cache\Home\2a94b8bda04ff446dcedd42276fc99ee.php 第 101 行.
INFO: Run Behavior\ParseTemplateBehavior [ RunTime:0.016000s ]
INFO: [ view_parse ] --END-- [ RunTime:0.017001s ]
INFO: [ view_filter ] --START--
INFO: Run Behavior\WriteHtmlCacheBehavior [ RunTime:0.000000s ]
INFO: [ view_filter ] --END-- [ RunTime:0.001000s ]
INFO: [ app_end ] --START--
INFO: Run Behavior\ShowPageTraceBehavior [ RunTime:0.001000s ]
INFO: [ app_end ] --END-- [ RunTime:0.001000s ]

[ 2017-05-10T11:56:46+08:00 ] 127.0.0.1 /index.php/Home/Recommend
INFO: [ app_init ] --START--
INFO: Run Behavior\BuildLiteBehavior [ RunTime:0.000000s ]
INFO: [ app_init ] --END-- [ RunTime:0.002000s ]
INFO: [ app_begin ] --START--
INFO: Run Behavior\ReadHtmlCacheBehavior [ RunTime:0.001000s ]
INFO: [ app_begin ] --END-- [ RunTime:0.002000s ]
SQL: SHOW COLUMNS FROM `movie` [ RunTime:0.0060s ]
SQL: SHOW COLUMNS FROM `user_score` [ RunTime:0.0040s ]
SQL: SHOW COLUMNS FROM `user_taste_value` [ RunTime:0.0030s ]
SQL: SHOW COLUMNS FROM `movie` [ RunTime:0.0050s ]
SQL: select * from USER where username = '杨月' AND password ='123456' [ RunTime:0.0000s ]
SQL: select movie_id from user_score WHERE  user_name = '杨月' [ RunTime:0.0000s ]
SQL: select id,style from movie [ RunTime:0.0670s ]

[ 2017-05-10T11:56:51+08:00 ] 127.0.0.1 /index.php/Home/Recommend
INFO: [ app_init ] --START--
INFO: Run Behavior\BuildLiteBehavior [ RunTime:0.000000s ]
INFO: [ app_init ] --END-- [ RunTime:0.000000s ]
INFO: [ app_begin ] --START--
INFO: Run Behavior\ReadHtmlCacheBehavior [ RunTime:0.002000s ]
INFO: [ app_begin ] --END-- [ RunTime:0.002000s ]
SQL: SHOW COLUMNS FROM `movie` [ RunTime:0.0050s ]
SQL: SHOW COLUMNS FROM `user_score` [ RunTime:0.0030s ]
SQL: SHOW COLUMNS FROM `user_taste_value` [ RunTime:0.0030s ]
SQL: SHOW COLUMNS FROM `movie` [ RunTime:0.0050s ]
SQL: select * from USER where username = '杨月' AND password ='123456' [ RunTime:0.0010s ]
SQL: select movie_id from user_score WHERE  user_name = '杨月' [ RunTime:0.0000s ]
SQL: select id,style from movie [ RunTime:0.0720s ]

[ 2017-05-10T12:07:00+08:00 ] 127.0.0.1 /index.php/Home/Recommend
INFO: [ app_init ] --START--
INFO: Run Behavior\BuildLiteBehavior [ RunTime:0.000000s ]
INFO: [ app_init ] --END-- [ RunTime:0.001000s ]
INFO: [ app_begin ] --START--
INFO: Run Behavior\ReadHtmlCacheBehavior [ RunTime:0.001000s ]
INFO: [ app_begin ] --END-- [ RunTime:0.001000s ]
SQL: SHOW COLUMNS FROM `movie` [ RunTime:0.0030s ]
SQL: SHOW COLUMNS FROM `user_score` [ RunTime:0.0050s ]
SQL: SHOW COLUMNS FROM `user_taste_value` [ RunTime:0.0040s ]
SQL: SHOW COLUMNS FROM `movie` [ RunTime:0.0050s ]
SQL: select * from USER where username = '杨月' AND password ='123456' [ RunTime:0.0010s ]
SQL: select movie_id from user_score WHERE  user_name = '杨月' [ RunTime:0.0010s ]

[ 2017-05-10T12:07:35+08:00 ] 127.0.0.1 /index.php/Home/Recommend
INFO: [ app_init ] --START--
INFO: Run Behavior\BuildLiteBehavior [ RunTime:0.000000s ]
INFO: [ app_init ] --END-- [ RunTime:0.001000s ]
INFO: [ app_begin ] --START--
INFO: Run Behavior\ReadHtmlCacheBehavior [ RunTime:0.001000s ]
INFO: [ app_begin ] --END-- [ RunTime:0.001000s ]
SQL: SHOW COLUMNS FROM `movie` [ RunTime:0.0050s ]
SQL: SHOW COLUMNS FROM `user_score` [ RunTime:0.0050s ]
SQL: SHOW COLUMNS FROM `user_taste_value` [ RunTime:0.0040s ]
SQL: SHOW COLUMNS FROM `movie` [ RunTime:0.0040s ]
SQL: select * from USER where username = '杨月' AND password ='123456' [ RunTime:0.0000s ]
SQL: select movie_id from user_score WHERE  user_name = '杨月' [ RunTime:0.0000s ]
SQL: select id,style from movie WHERE  id not in (4,5) [ RunTime:0.0710s ]

[ 2017-05-10T12:07:45+08:00 ] 127.0.0.1 /index.php/Home/Recommend
INFO: [ app_init ] --START--
INFO: Run Behavior\BuildLiteBehavior [ RunTime:0.000000s ]
INFO: [ app_init ] --END-- [ RunTime:0.001000s ]
INFO: [ app_begin ] --START--
INFO: Run Behavior\ReadHtmlCacheBehavior [ RunTime:0.001000s ]
INFO: [ app_begin ] --END-- [ RunTime:0.001000s ]
SQL: SHOW COLUMNS FROM `movie` [ RunTime:0.0040s ]
SQL: SHOW COLUMNS FROM `user_score` [ RunTime:0.0030s ]
SQL: SHOW COLUMNS FROM `user_taste_value` [ RunTime:0.0040s ]
SQL: SHOW COLUMNS FROM `movie` [ RunTime:0.0060s ]
SQL: select * from USER where username = '杨月' AND password ='123456' [ RunTime:0.0010s ]
SQL: select movie_id from user_score WHERE  user_name = '杨月' [ RunTime:0.0000s ]
SQL: select id,style from movie WHERE  id not in (4,5) [ RunTime:0.0670s ]

[ 2017-05-10T12:09:46+08:00 ] 127.0.0.1 /index.php/Home/Recommend
INFO: [ app_init ] --START--
INFO: Run Behavior\BuildLiteBehavior [ RunTime:0.000000s ]
INFO: [ app_init ] --END-- [ RunTime:0.001000s ]
INFO: [ app_begin ] --START--
INFO: Run Behavior\ReadHtmlCacheBehavior [ RunTime:0.001000s ]
INFO: [ app_begin ] --END-- [ RunTime:0.001000s ]
SQL: SHOW COLUMNS FROM `movie` [ RunTime:0.0050s ]
SQL: SHOW COLUMNS FROM `user_score` [ RunTime:0.0040s ]
SQL: SHOW COLUMNS FROM `user_taste_value` [ RunTime:0.0050s ]
SQL: SHOW COLUMNS FROM `movie` [ RunTime:0.0040s ]
SQL: select * from USER where username = '杨月' AND password ='123456' [ RunTime:0.0000s ]
SQL: select movie_id from user_score WHERE  user_name = '杨月' [ RunTime:0.0010s ]
SQL: select id,style from movie WHERE  id not in (4,5) [ RunTime:0.0740s ]

[ 2017-05-10T12:09:48+08:00 ] 127.0.0.1 /index.php/Home/Recommend
INFO: [ app_init ] --START--
INFO: Run Behavior\BuildLiteBehavior [ RunTime:0.000000s ]
INFO: [ app_init ] --END-- [ RunTime:0.001000s ]
INFO: [ app_begin ] --START--
INFO: Run Behavior\ReadHtmlCacheBehavior [ RunTime:0.000000s ]
INFO: [ app_begin ] --END-- [ RunTime:0.001000s ]
SQL: SHOW COLUMNS FROM `movie` [ RunTime:0.0060s ]
SQL: SHOW COLUMNS FROM `user_score` [ RunTime:0.0040s ]
SQL: SHOW COLUMNS FROM `user_taste_value` [ RunTime:0.0060s ]
SQL: SHOW COLUMNS FROM `movie` [ RunTime:0.0050s ]
SQL: select * from USER where username = '杨月' AND password ='123456' [ RunTime:0.0010s ]
SQL: select movie_id from user_score WHERE  user_name = '杨月' [ RunTime:0.0000s ]
SQL: select id,style from movie WHERE  id not in (4,5) [ RunTime:0.0880s ]

[ 2017-05-10T12:12:29+08:00 ] 127.0.0.1 /index.php/Home/Recommend
INFO: [ app_init ] --START--
INFO: Run Behavior\BuildLiteBehavior [ RunTime:0.001000s ]
INFO: [ app_init ] --END-- [ RunTime:0.001000s ]
INFO: [ app_begin ] --START--
INFO: Run Behavior\ReadHtmlCacheBehavior [ RunTime:0.001000s ]
INFO: [ app_begin ] --END-- [ RunTime:0.001000s ]
SQL: SHOW COLUMNS FROM `movie` [ RunTime:0.0040s ]
SQL: SHOW COLUMNS FROM `user_score` [ RunTime:0.0030s ]
SQL: SHOW COLUMNS FROM `user_taste_value` [ RunTime:0.0030s ]
SQL: SHOW COLUMNS FROM `movie` [ RunTime:0.0030s ]
SQL: select * from USER where username = '杨月' AND password ='123456' [ RunTime:0.0010s ]
SQL: select movie_id from user_score WHERE  user_name = '杨月' [ RunTime:0.0010s ]
SQL: select id,style from movie WHERE  id not in (4,5) [ RunTime:0.0670s ]

[ 2017-05-10T12:12:32+08:00 ] 127.0.0.1 /index.php/Home/Recommend
INFO: [ app_init ] --START--
INFO: Run Behavior\BuildLiteBehavior [ RunTime:0.000000s ]
INFO: [ app_init ] --END-- [ RunTime:0.001000s ]
INFO: [ app_begin ] --START--
INFO: Run Behavior\ReadHtmlCacheBehavior [ RunTime:0.001000s ]
INFO: [ app_begin ] --END-- [ RunTime:0.001000s ]
SQL: SHOW COLUMNS FROM `movie` [ RunTime:0.0030s ]
SQL: SHOW COLUMNS FROM `user_score` [ RunTime:0.0040s ]
SQL: SHOW COLUMNS FROM `user_taste_value` [ RunTime:0.0040s ]
SQL: SHOW COLUMNS FROM `movie` [ RunTime:0.0030s ]
SQL: select * from USER where username = '杨月' AND password ='123456' [ RunTime:0.0010s ]
SQL: select movie_id from user_score WHERE  user_name = '杨月' [ RunTime:0.0000s ]
SQL: select id,style from movie WHERE  id not in (4,5) [ RunTime:0.0750s ]

