[ 2017-05-01T16:18:27+08:00 ] ::1 /movie/recommend/index.php/index
INFO: [ app_init ] --START--
INFO: Run Behavior\BuildLiteBehavior [ RunTime:0.000000s ]
INFO: [ app_init ] --END-- [ RunTime:0.001000s ]
ERR: 无法加载模块:Index

[ 2017-05-01T16:18:34+08:00 ] ::1 /movie/recommend/index.php/Index
INFO: [ app_init ] --START--
INFO: Run Behavior\BuildLiteBehavior [ RunTime:0.000000s ]
INFO: [ app_init ] --END-- [ RunTime:0.000000s ]
ERR: 无法加载模块:Index

[ 2017-05-01T16:20:08+08:00 ] ::1 /movie/recommend/index.php/Public/bootstrap/css/bootstrap.min.css
INFO: [ app_init ] --START--
INFO: Run Behavior\BuildLiteBehavior [ RunTime:0.001000s ]
INFO: [ app_init ] --END-- [ RunTime:0.001000s ]
ERR: 无法加载模块:Public

[ 2017-05-01T16:20:08+08:00 ] ::1 /movie/recommend/index.php/Public/bootstrap/js/bootstrap.js
INFO: [ app_init ] --START--
INFO: Run Behavior\BuildLiteBehavior [ RunTime:0.000000s ]
INFO: [ app_init ] --END-- [ RunTime:0.001000s ]
ERR: 无法加载模块:Public

[ 2017-05-01T16:20:08+08:00 ] ::1 /movie/recommend/index.php/Public/html/css/index.css
INFO: [ app_init ] --START--
INFO: Run Behavior\BuildLiteBehavior [ RunTime:0.000000s ]
INFO: [ app_init ] --END-- [ RunTime:0.001000s ]
ERR: 无法加载模块:Public

[ 2017-05-01T16:20:16+08:00 ] ::1 /movie/recommend/index.php/spider/img./p2406971254.jpg
INFO: [ app_init ] --START--
INFO: Run Behavior\BuildLiteBehavior [ RunTime:0.001000s ]
INFO: [ app_init ] --END-- [ RunTime:0.001000s ]

[ 2017-05-01T16:20:16+08:00 ] ::1 /movie/recommend/index.php/spider/img./p2300872752.jpg
INFO: [ app_init ] --START--
INFO: Run Behavior\BuildLiteBehavior [ RunTime:0.000000s ]
INFO: [ app_init ] --END-- [ RunTime:0.001000s ]

[ 2017-05-01T16:20:16+08:00 ] ::1 /movie/recommend/index.php/spider/img./p2347362651.jpg
INFO: [ app_init ] --START--
INFO: Run Behavior\BuildLiteBehavior [ RunTime:0.000000s ]
INFO: [ app_init ] --END-- [ RunTime:0.001000s ]

[ 2017-05-01T16:20:16+08:00 ] ::1 /movie/recommend/index.php/spider/img./p2270201875.jpg
INFO: [ app_init ] --START--
INFO: Run Behavior\BuildLiteBehavior [ RunTime:0.000000s ]
INFO: [ app_init ] --END-- [ RunTime:0.002000s ]

[ 2017-05-01T16:20:16+08:00 ] ::1 /movie/recommend/index.php/spider/img./p2267158276.jpg
INFO: [ app_init ] --START--
INFO: Run Behavior\BuildLiteBehavior [ RunTime:0.000000s ]
INFO: [ app_init ] --END-- [ RunTime:0.001000s ]

[ 2017-05-01T16:20:16+08:00 ] ::1 /movie/recommend/index.php/spider/img./p2389656488.jpg
INFO: [ app_init ] --START--
INFO: Run Behavior\BuildLiteBehavior [ RunTime:0.000000s ]
INFO: [ app_init ] --END-- [ RunTime:0.002001s ]

[ 2017-05-01T16:20:16+08:00 ] ::1 /movie/recommend/index.php/spider/img./p2390683986.jpg
INFO: [ app_init ] --START--
INFO: Run Behavior\BuildLiteBehavior [ RunTime:0.000000s ]
INFO: [ app_init ] --END-- [ RunTime:0.001000s ]

[ 2017-05-01T16:20:16+08:00 ] ::1 /movie/recommend/index.php/spider/img./p2448634063.jpg
INFO: [ app_init ] --START--
INFO: Run Behavior\BuildLiteBehavior [ RunTime:0.001000s ]
INFO: [ app_init ] --END-- [ RunTime:0.001000s ]

[ 2017-05-01T16:20:23+08:00 ] ::1 /movie/recommend/index.php/Home/spider/img./p2406971254.jpg
INFO: [ app_init ] --START--
INFO: Run Behavior\BuildLiteBehavior [ RunTime:0.000000s ]
INFO: [ app_init ] --END-- [ RunTime:0.002000s ]

[ 2017-05-01T16:20:23+08:00 ] ::1 /movie/recommend/index.php/Home/spider/img./p2300872752.jpg
INFO: [ app_init ] --START--
INFO: Run Behavior\BuildLiteBehavior [ RunTime:0.000000s ]
INFO: [ app_init ] --END-- [ RunTime:0.007000s ]

[ 2017-05-01T16:20:23+08:00 ] ::1 /movie/recommend/index.php/Home/spider/img./p2347362651.jpg
INFO: [ app_init ] --START--
INFO: Run Behavior\BuildLiteBehavior [ RunTime:0.000000s ]
INFO: [ app_init ] --END-- [ RunTime:0.001000s ]

[ 2017-05-01T16:20:23+08:00 ] ::1 /movie/recommend/index.php/Home/spider/img./p2389656488.jpg
INFO: [ app_init ] --START--
INFO: Run Behavior\BuildLiteBehavior [ RunTime:0.000000s ]
INFO: [ app_init ] --END-- [ RunTime:0.001000s ]

[ 2017-05-01T16:20:23+08:00 ] ::1 /movie/recommend/index.php/Home/spider/img./p2448634063.jpg
INFO: [ app_init ] --START--
INFO: Run Behavior\BuildLiteBehavior [ RunTime:0.000000s ]
INFO: [ app_init ] --END-- [ RunTime:0.001000s ]

[ 2017-05-01T16:20:23+08:00 ] ::1 /movie/recommend/index.php/Home/spider/img./p2270201875.jpg
INFO: [ app_init ] --START--
INFO: Run Behavior\BuildLiteBehavior [ RunTime:0.000000s ]
INFO: [ app_init ] --END-- [ RunTime:0.002000s ]

[ 2017-05-01T16:20:23+08:00 ] ::1 /movie/recommend/index.php/Home/spider/img./p2390683986.jpg
INFO: [ app_init ] --START--
INFO: Run Behavior\BuildLiteBehavior [ RunTime:0.001000s ]
INFO: [ app_init ] --END-- [ RunTime:0.001000s ]

[ 2017-05-01T16:20:23+08:00 ] ::1 /movie/recommend/index.php/Home/spider/img./p2267158276.jpg
INFO: [ app_init ] --START--
INFO: Run Behavior\BuildLiteBehavior [ RunTime:0.000000s ]
INFO: [ app_init ] --END-- [ RunTime:0.002000s ]

[ 2017-05-01T16:20:27+08:00 ] ::1 /movie/recommend/index.php/Home/spider/img./p2406971254.jpg
INFO: [ app_init ] --START--
INFO: Run Behavior\BuildLiteBehavior [ RunTime:0.001001s ]
INFO: [ app_init ] --END-- [ RunTime:0.001001s ]

[ 2017-05-01T16:20:27+08:00 ] ::1 /movie/recommend/index.php/Home/spider/img./p2300872752.jpg
INFO: [ app_init ] --START--
INFO: Run Behavior\BuildLiteBehavior [ RunTime:0.000000s ]
INFO: [ app_init ] --END-- [ RunTime:0.003000s ]

[ 2017-05-01T16:20:27+08:00 ] ::1 /movie/recommend/index.php/Home/spider/img./p2390683986.jpg
INFO: [ app_init ] --START--
INFO: Run Behavior\BuildLiteBehavior [ RunTime:0.000000s ]
INFO: [ app_init ] --END-- [ RunTime:0.004001s ]

[ 2017-05-01T16:20:27+08:00 ] ::1 /movie/recommend/index.php/Home/spider/img./p2267158276.jpg
INFO: [ app_init ] --START--
INFO: Run Behavior\BuildLiteBehavior [ RunTime:0.000000s ]
INFO: [ app_init ] --END-- [ RunTime:0.002000s ]

[ 2017-05-01T16:20:27+08:00 ] ::1 /movie/recommend/index.php/Home/spider/img./p2347362651.jpg
INFO: [ app_init ] --START--
INFO: Run Behavior\BuildLiteBehavior [ RunTime:0.000000s ]
INFO: [ app_init ] --END-- [ RunTime:0.001001s ]

[ 2017-05-01T16:20:27+08:00 ] ::1 /movie/recommend/index.php/Home/spider/img./p2270201875.jpg
INFO: [ app_init ] --START--
INFO: Run Behavior\BuildLiteBehavior [ RunTime:0.000000s ]
INFO: [ app_init ] --END-- [ RunTime:0.002000s ]

[ 2017-05-01T16:20:27+08:00 ] ::1 /movie/recommend/index.php/Home/spider/img./p2389656488.jpg
INFO: [ app_init ] --START--
INFO: Run Behavior\BuildLiteBehavior [ RunTime:0.000000s ]
INFO: [ app_init ] --END-- [ RunTime:0.001000s ]

[ 2017-05-01T16:20:27+08:00 ] ::1 /movie/recommend/index.php/Home/spider/img./p2448634063.jpg
INFO: [ app_init ] --START--
INFO: Run Behavior\BuildLiteBehavior [ RunTime:0.000000s ]
INFO: [ app_init ] --END-- [ RunTime:0.001000s ]

[ 2017-05-01T16:20:30+08:00 ] ::1 /movie/recommend/index.php/Home/spider/img./p2300872752.jpg
INFO: [ app_init ] --START--
INFO: Run Behavior\BuildLiteBehavior [ RunTime:0.001000s ]
INFO: [ app_init ] --END-- [ RunTime:0.002001s ]

[ 2017-05-01T16:20:30+08:00 ] ::1 /movie/recommend/index.php/Home/spider/img./p2406971254.jpg
INFO: [ app_init ] --START--
INFO: Run Behavior\BuildLiteBehavior [ RunTime:0.001000s ]
INFO: [ app_init ] --END-- [ RunTime:0.003000s ]

[ 2017-05-01T16:20:30+08:00 ] ::1 /movie/recommend/index.php/Home/spider/img./p2267158276.jpg
INFO: [ app_init ] --START--
INFO: Run Behavior\BuildLiteBehavior [ RunTime:0.000000s ]
INFO: [ app_init ] --END-- [ RunTime:0.001000s ]

[ 2017-05-01T16:20:30+08:00 ] ::1 /movie/recommend/index.php/Home/spider/img./p2347362651.jpg
INFO: [ app_init ] --START--
INFO: Run Behavior\BuildLiteBehavior [ RunTime:0.000000s ]
INFO: [ app_init ] --END-- [ RunTime:0.001000s ]

[ 2017-05-01T16:20:30+08:00 ] ::1 /movie/recommend/index.php/Home/spider/img./p2389656488.jpg
INFO: [ app_init ] --START--
INFO: Run Behavior\BuildLiteBehavior [ RunTime:0.000000s ]
INFO: [ app_init ] --END-- [ RunTime:0.001000s ]

[ 2017-05-01T16:20:30+08:00 ] ::1 /movie/recommend/index.php/Home/spider/img./p2390683986.jpg
INFO: [ app_init ] --START--
INFO: Run Behavior\BuildLiteBehavior [ RunTime:0.000000s ]
INFO: [ app_init ] --END-- [ RunTime:0.003000s ]

[ 2017-05-01T16:20:30+08:00 ] ::1 /movie/recommend/index.php/Home/spider/img./p2448634063.jpg
INFO: [ app_init ] --START--
INFO: Run Behavior\BuildLiteBehavior [ RunTime:0.000000s ]
INFO: [ app_init ] --END-- [ RunTime:0.002000s ]

[ 2017-05-01T16:20:30+08:00 ] ::1 /movie/recommend/index.php/Home/spider/img./p2270201875.jpg
INFO: [ app_init ] --START--
INFO: Run Behavior\BuildLiteBehavior [ RunTime:0.000000s ]
INFO: [ app_init ] --END-- [ RunTime:0.001000s ]

[ 2017-05-01T16:20:30+08:00 ] ::1 /movie/recommend/index.php/Home/spider/img./p2406971254.jpg
INFO: [ app_init ] --START--
INFO: Run Behavior\BuildLiteBehavior [ RunTime:0.000000s ]
INFO: [ app_init ] --END-- [ RunTime:0.001000s ]

[ 2017-05-01T16:20:30+08:00 ] ::1 /movie/recommend/index.php/Home/spider/img./p2300872752.jpg
INFO: [ app_init ] --START--
INFO: Run Behavior\BuildLiteBehavior [ RunTime:0.000000s ]
INFO: [ app_init ] --END-- [ RunTime:0.001000s ]

[ 2017-05-01T16:20:30+08:00 ] ::1 /movie/recommend/index.php/Home/spider/img./p2270201875.jpg
INFO: [ app_init ] --START--
INFO: Run Behavior\BuildLiteBehavior [ RunTime:0.000000s ]
INFO: [ app_init ] --END-- [ RunTime:0.002000s ]

[ 2017-05-01T16:20:30+08:00 ] ::1 /movie/recommend/index.php/Home/spider/img./p2448634063.jpg
INFO: [ app_init ] --START--
INFO: Run Behavior\BuildLiteBehavior [ RunTime:0.000000s ]
INFO: [ app_init ] --END-- [ RunTime:0.001001s ]

[ 2017-05-01T16:20:30+08:00 ] ::1 /movie/recommend/index.php/Home/spider/img./p2267158276.jpg
INFO: [ app_init ] --START--
INFO: Run Behavior\BuildLiteBehavior [ RunTime:0.000000s ]
INFO: [ app_init ] --END-- [ RunTime:0.001001s ]

[ 2017-05-01T16:20:30+08:00 ] ::1 /movie/recommend/index.php/Home/spider/img./p2390683986.jpg
INFO: [ app_init ] --START--
INFO: Run Behavior\BuildLiteBehavior [ RunTime:0.001000s ]
INFO: [ app_init ] --END-- [ RunTime:0.007001s ]

[ 2017-05-01T16:20:30+08:00 ] ::1 /movie/recommend/index.php/Home/spider/img./p2389656488.jpg
INFO: [ app_init ] --START--
INFO: Run Behavior\BuildLiteBehavior [ RunTime:0.000000s ]
INFO: [ app_init ] --END-- [ RunTime:0.002000s ]

[ 2017-05-01T16:20:30+08:00 ] ::1 /movie/recommend/index.php/Home/spider/img./p2347362651.jpg
INFO: [ app_init ] --START--
INFO: Run Behavior\BuildLiteBehavior [ RunTime:0.000000s ]
INFO: [ app_init ] --END-- [ RunTime:0.002000s ]

[ 2017-05-01T16:20:31+08:00 ] ::1 /movie/recommend/index.php/Home/spider/img./p2300872752.jpg
INFO: [ app_init ] --START--
INFO: Run Behavior\BuildLiteBehavior [ RunTime:0.000000s ]
INFO: [ app_init ] --END-- [ RunTime:0.000000s ]

[ 2017-05-01T16:20:31+08:00 ] ::1 /movie/recommend/index.php/Home/spider/img./p2406971254.jpg
INFO: [ app_init ] --START--
INFO: Run Behavior\BuildLiteBehavior [ RunTime:0.000000s ]
INFO: [ app_init ] --END-- [ RunTime:0.001000s ]

[ 2017-05-01T16:20:31+08:00 ] ::1 /movie/recommend/index.php/Home/spider/img./p2390683986.jpg
INFO: [ app_init ] --START--
INFO: Run Behavior\BuildLiteBehavior [ RunTime:0.000000s ]
INFO: [ app_init ] --END-- [ RunTime:0.002000s ]

[ 2017-05-01T16:20:31+08:00 ] ::1 /movie/recommend/index.php/Home/spider/img./p2448634063.jpg
INFO: [ app_init ] --START--
INFO: Run Behavior\BuildLiteBehavior [ RunTime:0.000000s ]
INFO: [ app_init ] --END-- [ RunTime:0.001000s ]

[ 2017-05-01T16:20:31+08:00 ] ::1 /movie/recommend/index.php/Home/spider/img./p2267158276.jpg
INFO: [ app_init ] --START--
INFO: Run Behavior\BuildLiteBehavior [ RunTime:0.000000s ]
INFO: [ app_init ] --END-- [ RunTime:0.001000s ]

[ 2017-05-01T16:20:31+08:00 ] ::1 /movie/recommend/index.php/Home/spider/img./p2389656488.jpg
INFO: [ app_init ] --START--
INFO: Run Behavior\BuildLiteBehavior [ RunTime:0.001000s ]
INFO: [ app_init ] --END-- [ RunTime:0.002000s ]

[ 2017-05-01T16:20:31+08:00 ] ::1 /movie/recommend/index.php/Home/spider/img./p2347362651.jpg
INFO: [ app_init ] --START--
INFO: Run Behavior\BuildLiteBehavior [ RunTime:0.000000s ]
INFO: [ app_init ] --END-- [ RunTime:0.001000s ]

[ 2017-05-01T16:20:31+08:00 ] ::1 /movie/recommend/index.php/Home/spider/img./p2270201875.jpg
INFO: [ app_init ] --START--
INFO: Run Behavior\BuildLiteBehavior [ RunTime:0.000000s ]
INFO: [ app_init ] --END-- [ RunTime:0.001000s ]

[ 2017-05-01T16:20:36+08:00 ] ::1 /movie/recommend/index.php/Home/spider/img./p2300872752.jpg
INFO: [ app_init ] --START--
INFO: Run Behavior\BuildLiteBehavior [ RunTime:0.000000s ]
INFO: [ app_init ] --END-- [ RunTime:0.002001s ]

[ 2017-05-01T16:20:36+08:00 ] ::1 /movie/recommend/index.php/Home/spider/img./p2406971254.jpg
INFO: [ app_init ] --START--
INFO: Run Behavior\BuildLiteBehavior [ RunTime:0.000000s ]
INFO: [ app_init ] --END-- [ RunTime:0.001000s ]

[ 2017-05-01T16:20:36+08:00 ] ::1 /movie/recommend/index.php/Home/spider/img./p2448634063.jpg
INFO: [ app_init ] --START--
INFO: Run Behavior\BuildLiteBehavior [ RunTime:0.001000s ]
INFO: [ app_init ] --END-- [ RunTime:0.002000s ]

[ 2017-05-01T16:20:36+08:00 ] ::1 /movie/recommend/index.php/Home/spider/img./p2270201875.jpg
INFO: [ app_init ] --START--
INFO: Run Behavior\BuildLiteBehavior [ RunTime:0.000000s ]
INFO: [ app_init ] --END-- [ RunTime:0.004000s ]

[ 2017-05-01T16:20:36+08:00 ] ::1 /movie/recommend/index.php/Home/spider/img./p2389656488.jpg
INFO: [ app_init ] --START--
INFO: Run Behavior\BuildLiteBehavior [ RunTime:0.000000s ]
INFO: [ app_init ] --END-- [ RunTime:0.002001s ]

[ 2017-05-01T16:20:36+08:00 ] ::1 /movie/recommend/index.php/Home/spider/img./p2267158276.jpg
INFO: [ app_init ] --START--
INFO: Run Behavior\BuildLiteBehavior [ RunTime:0.001000s ]
INFO: [ app_init ] --END-- [ RunTime:0.005001s ]

[ 2017-05-01T16:20:36+08:00 ] ::1 /movie/recommend/index.php/Home/spider/img./p2390683986.jpg
INFO: [ app_init ] --START--
INFO: Run Behavior\BuildLiteBehavior [ RunTime:0.000000s ]
INFO: [ app_init ] --END-- [ RunTime:0.002000s ]

[ 2017-05-01T16:20:36+08:00 ] ::1 /movie/recommend/index.php/Home/spider/img./p2347362651.jpg
INFO: [ app_init ] --START--
INFO: Run Behavior\BuildLiteBehavior [ RunTime:0.001000s ]
INFO: [ app_init ] --END-- [ RunTime:0.006000s ]

[ 2017-05-01T16:26:40+08:00 ] ::1 /movie/recommend/index.php/Home/spider/img./p2300872752.jpg
INFO: [ app_init ] --START--
INFO: Run Behavior\BuildLiteBehavior [ RunTime:0.000000s ]
INFO: [ app_init ] --END-- [ RunTime:0.001000s ]

[ 2017-05-01T16:26:40+08:00 ] ::1 /movie/recommend/index.php/Home/spider/img./p2406971254.jpg
INFO: [ app_init ] --START--
INFO: Run Behavior\BuildLiteBehavior [ RunTime:0.000000s ]
INFO: [ app_init ] --END-- [ RunTime:0.002000s ]

[ 2017-05-01T16:26:40+08:00 ] ::1 /movie/recommend/index.php/Home/spider/img./p2347362651.jpg
INFO: [ app_init ] --START--
INFO: Run Behavior\BuildLiteBehavior [ RunTime:0.000000s ]
INFO: [ app_init ] --END-- [ RunTime:0.001001s ]

[ 2017-05-01T16:26:40+08:00 ] ::1 /movie/recommend/index.php/Home/spider/img./p2267158276.jpg
INFO: [ app_init ] --START--
INFO: Run Behavior\BuildLiteBehavior [ RunTime:0.000000s ]
INFO: [ app_init ] --END-- [ RunTime:0.001000s ]

[ 2017-05-01T16:26:40+08:00 ] ::1 /movie/recommend/index.php/Home/spider/img./p2390683986.jpg
INFO: [ app_init ] --START--
INFO: Run Behavior\BuildLiteBehavior [ RunTime:0.005001s ]
INFO: [ app_init ] --END-- [ RunTime:0.014001s ]

[ 2017-05-01T16:26:40+08:00 ] ::1 /movie/recommend/index.php/Home/spider/img./p2389656488.jpg
INFO: [ app_init ] --START--
INFO: Run Behavior\BuildLiteBehavior [ RunTime:0.001000s ]
INFO: [ app_init ] --END-- [ RunTime:0.002000s ]

[ 2017-05-01T16:26:40+08:00 ] ::1 /movie/recommend/index.php/Home/spider/img./p2270201875.jpg
INFO: [ app_init ] --START--
INFO: Run Behavior\BuildLiteBehavior [ RunTime:0.000000s ]
INFO: [ app_init ] --END-- [ RunTime:0.001000s ]

[ 2017-05-01T16:26:40+08:00 ] ::1 /movie/recommend/index.php/Home/spider/img./p2448634063.jpg
INFO: [ app_init ] --START--
INFO: Run Behavior\BuildLiteBehavior [ RunTime:0.000000s ]
INFO: [ app_init ] --END-- [ RunTime:0.002001s ]

[ 2017-05-01T16:30:58+08:00 ] ::1 /movie/recommend/index.php/Home/spider/img./p2406971254.jpg
INFO: [ app_init ] --START--
INFO: Run Behavior\BuildLiteBehavior [ RunTime:0.001000s ]
INFO: [ app_init ] --END-- [ RunTime:0.002000s ]

[ 2017-05-01T16:30:58+08:00 ] ::1 /movie/recommend/index.php/Home/spider/img./p2300872752.jpg
INFO: [ app_init ] --START--
INFO: Run Behavior\BuildLiteBehavior [ RunTime:0.000000s ]
INFO: [ app_init ] --END-- [ RunTime:0.001000s ]

[ 2017-05-01T16:30:58+08:00 ] ::1 /movie/recommend/index.php/Home/spider/img./p2390683986.jpg
INFO: [ app_init ] --START--
INFO: Run Behavior\BuildLiteBehavior [ RunTime:0.000000s ]
INFO: [ app_init ] --END-- [ RunTime:0.001000s ]

[ 2017-05-01T16:30:58+08:00 ] ::1 /movie/recommend/index.php/Home/spider/img./p2389656488.jpg
INFO: [ app_init ] --START--
INFO: Run Behavior\BuildLiteBehavior [ RunTime:0.000000s ]
INFO: [ app_init ] --END-- [ RunTime:0.003000s ]

[ 2017-05-01T16:30:58+08:00 ] ::1 /movie/recommend/index.php/Home/spider/img./p2267158276.jpg
INFO: [ app_init ] --START--
INFO: Run Behavior\BuildLiteBehavior [ RunTime:0.000000s ]
INFO: [ app_init ] --END-- [ RunTime:0.001000s ]

[ 2017-05-01T16:30:58+08:00 ] ::1 /movie/recommend/index.php/Home/spider/img./p2347362651.jpg
INFO: [ app_init ] --START--
INFO: Run Behavior\BuildLiteBehavior [ RunTime:0.000000s ]
INFO: [ app_init ] --END-- [ RunTime:0.001000s ]

[ 2017-05-01T16:30:58+08:00 ] ::1 /movie/recommend/index.php/Home/spider/img./p2448634063.jpg
INFO: [ app_init ] --START--
INFO: Run Behavior\BuildLiteBehavior [ RunTime:0.000000s ]
INFO: [ app_init ] --END-- [ RunTime:0.006000s ]

[ 2017-05-01T16:30:58+08:00 ] ::1 /movie/recommend/index.php/Home/spider/img./p2270201875.jpg
INFO: [ app_init ] --START--
INFO: Run Behavior\BuildLiteBehavior [ RunTime:0.000000s ]
INFO: [ app_init ] --END-- [ RunTime:0.001000s ]

[ 2017-05-01T16:31:08+08:00 ] ::1 /movie/recommend/index.php/Home/spider/img./p2406971254.jpg
INFO: [ app_init ] --START--
INFO: Run Behavior\BuildLiteBehavior [ RunTime:0.000000s ]
INFO: [ app_init ] --END-- [ RunTime:0.001000s ]

[ 2017-05-01T16:31:08+08:00 ] ::1 /movie/recommend/index.php/Home/spider/img./p2300872752.jpg
INFO: [ app_init ] --START--
INFO: Run Behavior\BuildLiteBehavior [ RunTime:0.001000s ]
INFO: [ app_init ] --END-- [ RunTime:0.001000s ]

[ 2017-05-01T16:31:08+08:00 ] ::1 /movie/recommend/index.php/Home/spider/img./p2270201875.jpg
INFO: [ app_init ] --START--
INFO: Run Behavior\BuildLiteBehavior [ RunTime:0.000000s ]
INFO: [ app_init ] --END-- [ RunTime:0.001000s ]

[ 2017-05-01T16:31:08+08:00 ] ::1 /movie/recommend/index.php/Home/spider/img./p2390683986.jpg
INFO: [ app_init ] --START--
INFO: Run Behavior\BuildLiteBehavior [ RunTime:0.000000s ]
INFO: [ app_init ] --END-- [ RunTime:0.005000s ]

[ 2017-05-01T16:31:08+08:00 ] ::1 /movie/recommend/index.php/Home/spider/img./p2267158276.jpg
INFO: [ app_init ] --START--
INFO: Run Behavior\BuildLiteBehavior [ RunTime:0.000000s ]
INFO: [ app_init ] --END-- [ RunTime:0.003000s ]

[ 2017-05-01T16:31:08+08:00 ] ::1 /movie/recommend/index.php/Home/spider/img./p2389656488.jpg
INFO: [ app_init ] --START--
INFO: Run Behavior\BuildLiteBehavior [ RunTime:0.000000s ]
INFO: [ app_init ] --END-- [ RunTime:0.001000s ]

[ 2017-05-01T16:31:08+08:00 ] ::1 /movie/recommend/index.php/Home/spider/img./p2347362651.jpg
INFO: [ app_init ] --START--
INFO: Run Behavior\BuildLiteBehavior [ RunTime:0.000000s ]
INFO: [ app_init ] --END-- [ RunTime:0.003001s ]

[ 2017-05-01T16:31:08+08:00 ] ::1 /movie/recommend/index.php/Home/spider/img./p2448634063.jpg
INFO: [ app_init ] --START--
INFO: Run Behavior\BuildLiteBehavior [ RunTime:0.000000s ]
INFO: [ app_init ] --END-- [ RunTime:0.002000s ]

[ 2017-05-01T16:31:08+08:00 ] ::1 /movie/recommend/index.php/Home/spider/img./p2406971254.jpg
INFO: [ app_init ] --START--
INFO: Run Behavior\BuildLiteBehavior [ RunTime:0.000000s ]
INFO: [ app_init ] --END-- [ RunTime:0.001000s ]

[ 2017-05-01T16:31:08+08:00 ] ::1 /movie/recommend/index.php/Home/spider/img./p2300872752.jpg
INFO: [ app_init ] --START--
INFO: Run Behavior\BuildLiteBehavior [ RunTime:0.000000s ]
INFO: [ app_init ] --END-- [ RunTime:0.001000s ]

[ 2017-05-01T16:31:08+08:00 ] ::1 /movie/recommend/index.php/Home/spider/img./p2267158276.jpg
INFO: [ app_init ] --START--
INFO: Run Behavior\BuildLiteBehavior [ RunTime:0.000000s ]
INFO: [ app_init ] --END-- [ RunTime:0.001000s ]

[ 2017-05-01T16:31:08+08:00 ] ::1 /movie/recommend/index.php/Home/spider/img./p2448634063.jpg
INFO: [ app_init ] --START--
INFO: Run Behavior\BuildLiteBehavior [ RunTime:0.000000s ]
INFO: [ app_init ] --END-- [ RunTime:0.001000s ]

[ 2017-05-01T16:31:08+08:00 ] ::1 /movie/recommend/index.php/Home/spider/img./p2389656488.jpg
INFO: [ app_init ] --START--
INFO: Run Behavior\BuildLiteBehavior [ RunTime:0.000000s ]
INFO: [ app_init ] --END-- [ RunTime:0.002000s ]

[ 2017-05-01T16:31:08+08:00 ] ::1 /movie/recommend/index.php/Home/spider/img./p2347362651.jpg
INFO: [ app_init ] --START--
INFO: Run Behavior\BuildLiteBehavior [ RunTime:0.000000s ]
INFO: [ app_init ] --END-- [ RunTime:0.001000s ]

[ 2017-05-01T16:31:08+08:00 ] ::1 /movie/recommend/index.php/Home/spider/img./p2270201875.jpg
INFO: [ app_init ] --START--
INFO: Run Behavior\BuildLiteBehavior [ RunTime:0.000000s ]
INFO: [ app_init ] --END-- [ RunTime:0.001000s ]

[ 2017-05-01T16:31:08+08:00 ] ::1 /movie/recommend/index.php/Home/spider/img./p2390683986.jpg
INFO: [ app_init ] --START--
INFO: Run Behavior\BuildLiteBehavior [ RunTime:0.000000s ]
INFO: [ app_init ] --END-- [ RunTime:0.002000s ]

[ 2017-05-01T16:31:30+08:00 ] ::1 /movie/recommend/index.php/Home/spider/img./p2406971254.jpg
INFO: [ app_init ] --START--
INFO: Run Behavior\BuildLiteBehavior [ RunTime:0.001000s ]
INFO: [ app_init ] --END-- [ RunTime:0.001000s ]

[ 2017-05-01T16:31:42+08:00 ] ::1 /movie/recommend/index.php/Home/spider/img./p2406971254.jpg
INFO: [ app_init ] --START--
INFO: Run Behavior\BuildLiteBehavior [ RunTime:0.001000s ]
INFO: [ app_init ] --END-- [ RunTime:0.001000s ]

[ 2017-05-01T16:31:42+08:00 ] ::1 /movie/recommend/index.php/Home/spider/img./p2300872752.jpg
INFO: [ app_init ] --START--
INFO: Run Behavior\BuildLiteBehavior [ RunTime:0.000000s ]
INFO: [ app_init ] --END-- [ RunTime:0.001000s ]

[ 2017-05-01T16:31:42+08:00 ] ::1 /movie/recommend/index.php/Home/spider/img./p2267158276.jpg
INFO: [ app_init ] --START--
INFO: Run Behavior\BuildLiteBehavior [ RunTime:0.000000s ]
INFO: [ app_init ] --END-- [ RunTime:0.002000s ]

[ 2017-05-01T16:31:42+08:00 ] ::1 /movie/recommend/index.php/Home/spider/img./p2448634063.jpg
INFO: [ app_init ] --START--
INFO: Run Behavior\BuildLiteBehavior [ RunTime:0.000000s ]
INFO: [ app_init ] --END-- [ RunTime:0.001001s ]

[ 2017-05-01T16:31:42+08:00 ] ::1 /movie/recommend/index.php/Home/spider/img./p2390683986.jpg
INFO: [ app_init ] --START--
INFO: Run Behavior\BuildLiteBehavior [ RunTime:0.000000s ]
INFO: [ app_init ] --END-- [ RunTime:0.002001s ]

[ 2017-05-01T16:31:42+08:00 ] ::1 /movie/recommend/index.php/Home/spider/img./p2270201875.jpg
INFO: [ app_init ] --START--
INFO: Run Behavior\BuildLiteBehavior [ RunTime:0.001000s ]
INFO: [ app_init ] --END-- [ RunTime:0.002000s ]

[ 2017-05-01T16:31:43+08:00 ] ::1 /movie/recommend/index.php/Home/spider/img./p2347362651.jpg
INFO: [ app_init ] --START--
INFO: Run Behavior\BuildLiteBehavior [ RunTime:0.000000s ]
INFO: [ app_init ] --END-- [ RunTime:0.001000s ]

[ 2017-05-01T16:31:43+08:00 ] ::1 /movie/recommend/index.php/Home/spider/img./p2389656488.jpg
INFO: [ app_init ] --START--
INFO: Run Behavior\BuildLiteBehavior [ RunTime:0.000000s ]
INFO: [ app_init ] --END-- [ RunTime:0.001000s ]

[ 2017-05-01T16:31:43+08:00 ] ::1 /movie/recommend/index.php/Home/spider/img./p2300872752.jpg
INFO: [ app_init ] --START--
INFO: Run Behavior\BuildLiteBehavior [ RunTime:0.000000s ]
INFO: [ app_init ] --END-- [ RunTime:0.002000s ]

[ 2017-05-01T16:31:43+08:00 ] ::1 /movie/recommend/index.php/Home/spider/img./p2406971254.jpg
INFO: [ app_init ] --START--
INFO: Run Behavior\BuildLiteBehavior [ RunTime:0.000000s ]
INFO: [ app_init ] --END-- [ RunTime:0.001000s ]

[ 2017-05-01T16:31:43+08:00 ] ::1 /movie/recommend/index.php/Home/spider/img./p2270201875.jpg
INFO: [ app_init ] --START--
INFO: Run Behavior\BuildLiteBehavior [ RunTime:0.000000s ]
INFO: [ app_init ] --END-- [ RunTime:0.001000s ]

[ 2017-05-01T16:31:43+08:00 ] ::1 /movie/recommend/index.php/Home/spider/img./p2389656488.jpg
INFO: [ app_init ] --START--
INFO: Run Behavior\BuildLiteBehavior [ RunTime:0.000000s ]
INFO: [ app_init ] --END-- [ RunTime:0.001000s ]

[ 2017-05-01T16:31:43+08:00 ] ::1 /movie/recommend/index.php/Home/spider/img./p2347362651.jpg
INFO: [ app_init ] --START--
INFO: Run Behavior\BuildLiteBehavior [ RunTime:0.001000s ]
INFO: [ app_init ] --END-- [ RunTime:0.001000s ]

[ 2017-05-01T16:31:43+08:00 ] ::1 /movie/recommend/index.php/Home/spider/img./p2267158276.jpg
INFO: [ app_init ] --START--
INFO: Run Behavior\BuildLiteBehavior [ RunTime:0.001000s ]
INFO: [ app_init ] --END-- [ RunTime:0.001000s ]

[ 2017-05-01T16:31:43+08:00 ] ::1 /movie/recommend/index.php/Home/spider/img./p2390683986.jpg
INFO: [ app_init ] --START--
INFO: Run Behavior\BuildLiteBehavior [ RunTime:0.000000s ]
INFO: [ app_init ] --END-- [ RunTime:0.001000s ]

[ 2017-05-01T16:31:43+08:00 ] ::1 /movie/recommend/index.php/Home/spider/img./p2448634063.jpg
INFO: [ app_init ] --START--
INFO: Run Behavior\BuildLiteBehavior [ RunTime:0.000000s ]
INFO: [ app_init ] --END-- [ RunTime:0.001000s ]

[ 2017-05-01T16:32:06+08:00 ] ::1 /movie/recommend/index.php/Home/spider/img./p2300872752.jpg
INFO: [ app_init ] --START--
INFO: Run Behavior\BuildLiteBehavior [ RunTime:0.000000s ]
INFO: [ app_init ] --END-- [ RunTime:0.001000s ]

[ 2017-05-01T16:32:06+08:00 ] ::1 /movie/recommend/index.php/Home/spider/img./p2406971254.jpg
INFO: [ app_init ] --START--
INFO: Run Behavior\BuildLiteBehavior [ RunTime:0.000000s ]
INFO: [ app_init ] --END-- [ RunTime:0.000000s ]

[ 2017-05-01T16:32:06+08:00 ] ::1 /movie/recommend/index.php/Home/spider/img./p2267158276.jpg
INFO: [ app_init ] --START--
INFO: Run Behavior\BuildLiteBehavior [ RunTime:0.000000s ]
INFO: [ app_init ] --END-- [ RunTime:0.001000s ]

[ 2017-05-01T16:32:06+08:00 ] ::1 /movie/recommend/index.php/Home/spider/img./p2270201875.jpg
INFO: [ app_init ] --START--
INFO: Run Behavior\BuildLiteBehavior [ RunTime:0.000000s ]
INFO: [ app_init ] --END-- [ RunTime:0.001000s ]

[ 2017-05-01T16:32:06+08:00 ] ::1 /movie/recommend/index.php/Home/spider/img./p2389656488.jpg
INFO: [ app_init ] --START--
INFO: Run Behavior\BuildLiteBehavior [ RunTime:0.000000s ]
INFO: [ app_init ] --END-- [ RunTime:0.002000s ]

[ 2017-05-01T16:32:06+08:00 ] ::1 /movie/recommend/index.php/Home/spider/img./p2448634063.jpg
INFO: [ app_init ] --START--
INFO: Run Behavior\BuildLiteBehavior [ RunTime:0.000000s ]
INFO: [ app_init ] --END-- [ RunTime:0.002000s ]

[ 2017-05-01T16:32:06+08:00 ] ::1 /movie/recommend/index.php/Home/spider/img./p2390683986.jpg
INFO: [ app_init ] --START--
INFO: Run Behavior\BuildLiteBehavior [ RunTime:0.000000s ]
INFO: [ app_init ] --END-- [ RunTime:0.001000s ]

[ 2017-05-01T16:32:06+08:00 ] ::1 /movie/recommend/index.php/Home/spider/img./p2347362651.jpg
INFO: [ app_init ] --START--
INFO: Run Behavior\BuildLiteBehavior [ RunTime:0.000000s ]
INFO: [ app_init ] --END-- [ RunTime:0.001000s ]

[ 2017-05-01T16:32:06+08:00 ] ::1 /movie/recommend/index.php/Home/spider/img./p2300872752.jpg
INFO: [ app_init ] --START--
INFO: Run Behavior\BuildLiteBehavior [ RunTime:0.000000s ]
INFO: [ app_init ] --END-- [ RunTime:0.002000s ]

[ 2017-05-01T16:32:06+08:00 ] ::1 /movie/recommend/index.php/Home/spider/img./p2406971254.jpg
INFO: [ app_init ] --START--
INFO: Run Behavior\BuildLiteBehavior [ RunTime:0.000000s ]
INFO: [ app_init ] --END-- [ RunTime:0.001000s ]

[ 2017-05-01T16:32:06+08:00 ] ::1 /movie/recommend/index.php/Home/spider/img./p2347362651.jpg
INFO: [ app_init ] --START--
INFO: Run Behavior\BuildLiteBehavior [ RunTime:0.000000s ]
INFO: [ app_init ] --END-- [ RunTime:0.001000s ]

[ 2017-05-01T16:32:06+08:00 ] ::1 /movie/recommend/index.php/Home/spider/img./p2390683986.jpg
INFO: [ app_init ] --START--
INFO: Run Behavior\BuildLiteBehavior [ RunTime:0.008001s ]
INFO: [ app_init ] --END-- [ RunTime:0.008001s ]

[ 2017-05-01T16:32:06+08:00 ] ::1 /movie/recommend/index.php/Home/spider/img./p2270201875.jpg
INFO: [ app_init ] --START--
INFO: Run Behavior\BuildLiteBehavior [ RunTime:0.000000s ]
INFO: [ app_init ] --END-- [ RunTime:0.001000s ]

[ 2017-05-01T16:32:06+08:00 ] ::1 /movie/recommend/index.php/Home/spider/img./p2389656488.jpg
INFO: [ app_init ] --START--
INFO: Run Behavior\BuildLiteBehavior [ RunTime:0.000000s ]
INFO: [ app_init ] --END-- [ RunTime:0.002000s ]

[ 2017-05-01T16:32:06+08:00 ] ::1 /movie/recommend/index.php/Home/spider/img./p2267158276.jpg
INFO: [ app_init ] --START--
INFO: Run Behavior\BuildLiteBehavior [ RunTime:0.000000s ]
INFO: [ app_init ] --END-- [ RunTime:0.001000s ]

[ 2017-05-01T16:32:06+08:00 ] ::1 /movie/recommend/index.php/Home/spider/img./p2448634063.jpg
INFO: [ app_init ] --START--
INFO: Run Behavior\BuildLiteBehavior [ RunTime:0.000000s ]
INFO: [ app_init ] --END-- [ RunTime:0.001000s ]

[ 2017-05-01T16:32:20+08:00 ] ::1 /movie/recommend/index.php/Home/spider/img./p2300872752.jpg
INFO: [ app_init ] --START--
INFO: Run Behavior\BuildLiteBehavior [ RunTime:0.001000s ]
INFO: [ app_init ] --END-- [ RunTime:0.005000s ]

[ 2017-05-01T16:32:20+08:00 ] ::1 /movie/recommend/index.php/Home/spider/img./p2406971254.jpg
INFO: [ app_init ] --START--
INFO: Run Behavior\BuildLiteBehavior [ RunTime:0.000000s ]
INFO: [ app_init ] --END-- [ RunTime:0.000000s ]

[ 2017-05-01T16:32:20+08:00 ] ::1 /movie/recommend/index.php/Home/spider/img./p2390683986.jpg
INFO: [ app_init ] --START--
INFO: Run Behavior\BuildLiteBehavior [ RunTime:0.000000s ]
INFO: [ app_init ] --END-- [ RunTime:0.002000s ]

[ 2017-05-01T16:32:20+08:00 ] ::1 /movie/recommend/index.php/Home/spider/img./p2267158276.jpg
INFO: [ app_init ] --START--
INFO: Run Behavior\BuildLiteBehavior [ RunTime:0.000000s ]
INFO: [ app_init ] --END-- [ RunTime:0.001000s ]

[ 2017-05-01T16:32:20+08:00 ] ::1 /movie/recommend/index.php/Home/spider/img./p2347362651.jpg
INFO: [ app_init ] --START--
INFO: Run Behavior\BuildLiteBehavior [ RunTime:0.000000s ]
INFO: [ app_init ] --END-- [ RunTime:0.003000s ]

[ 2017-05-01T16:32:20+08:00 ] ::1 /movie/recommend/index.php/Home/spider/img./p2389656488.jpg
INFO: [ app_init ] --START--
INFO: Run Behavior\BuildLiteBehavior [ RunTime:0.000000s ]
INFO: [ app_init ] --END-- [ RunTime:0.001000s ]

[ 2017-05-01T16:32:21+08:00 ] ::1 /movie/recommend/index.php/Home/spider/img./p2270201875.jpg
INFO: [ app_init ] --START--
INFO: Run Behavior\BuildLiteBehavior [ RunTime:0.000000s ]
INFO: [ app_init ] --END-- [ RunTime:0.001000s ]

[ 2017-05-01T16:32:21+08:00 ] ::1 /movie/recommend/index.php/Home/spider/img./p2448634063.jpg
INFO: [ app_init ] --START--
INFO: Run Behavior\BuildLiteBehavior [ RunTime:0.000000s ]
INFO: [ app_init ] --END-- [ RunTime:0.001000s ]

[ 2017-05-01T16:32:21+08:00 ] ::1 /movie/recommend/index.php/Home/spider/img./p2406971254.jpg
INFO: [ app_init ] --START--
INFO: Run Behavior\BuildLiteBehavior [ RunTime:0.000000s ]
INFO: [ app_init ] --END-- [ RunTime:0.001000s ]

[ 2017-05-01T16:32:21+08:00 ] ::1 /movie/recommend/index.php/Home/spider/img./p2300872752.jpg
INFO: [ app_init ] --START--
INFO: Run Behavior\BuildLiteBehavior [ RunTime:0.000000s ]
INFO: [ app_init ] --END-- [ RunTime:0.002000s ]

[ 2017-05-01T16:32:21+08:00 ] ::1 /movie/recommend/index.php/Home/spider/img./p2270201875.jpg
INFO: [ app_init ] --START--
INFO: Run Behavior\BuildLiteBehavior [ RunTime:0.000000s ]
INFO: [ app_init ] --END-- [ RunTime:0.001001s ]

[ 2017-05-01T16:32:21+08:00 ] ::1 /movie/recommend/index.php/Home/spider/img./p2389656488.jpg
INFO: [ app_init ] --START--
INFO: Run Behavior\BuildLiteBehavior [ RunTime:0.000000s ]
INFO: [ app_init ] --END-- [ RunTime:0.002000s ]

[ 2017-05-01T16:32:21+08:00 ] ::1 /movie/recommend/index.php/Home/spider/img./p2390683986.jpg
INFO: [ app_init ] --START--
INFO: Run Behavior\BuildLiteBehavior [ RunTime:0.016001s ]
INFO: [ app_init ] --END-- [ RunTime:0.017001s ]

[ 2017-05-01T16:32:21+08:00 ] ::1 /movie/recommend/index.php/Home/spider/img./p2347362651.jpg
INFO: [ app_init ] --START--
INFO: Run Behavior\BuildLiteBehavior [ RunTime:0.000000s ]
INFO: [ app_init ] --END-- [ RunTime:0.001000s ]

[ 2017-05-01T16:32:21+08:00 ] ::1 /movie/recommend/index.php/Home/spider/img./p2267158276.jpg
INFO: [ app_init ] --START--
INFO: Run Behavior\BuildLiteBehavior [ RunTime:0.000000s ]
INFO: [ app_init ] --END-- [ RunTime:0.005000s ]

[ 2017-05-01T16:32:21+08:00 ] ::1 /movie/recommend/index.php/Home/spider/img./p2448634063.jpg
INFO: [ app_init ] --START--
INFO: Run Behavior\BuildLiteBehavior [ RunTime:0.000000s ]
INFO: [ app_init ] --END-- [ RunTime:0.002000s ]

[ 2017-05-01T16:42:37+08:00 ] ::1 /movie/recommend/index.php/Home/spider/img./p2406971254.jpg
INFO: [ app_init ] --START--
INFO: Run Behavior\BuildLiteBehavior [ RunTime:0.000000s ]
INFO: [ app_init ] --END-- [ RunTime:0.002000s ]

[ 2017-05-01T16:42:37+08:00 ] ::1 /movie/recommend/index.php/Home/spider/img./p2300872752.jpg
INFO: [ app_init ] --START--
INFO: Run Behavior\BuildLiteBehavior [ RunTime:0.000000s ]
INFO: [ app_init ] --END-- [ RunTime:0.001000s ]

[ 2017-05-01T16:42:37+08:00 ] ::1 /movie/recommend/index.php/Home/spider/img./p2270201875.jpg
INFO: [ app_init ] --START--
INFO: Run Behavior\BuildLiteBehavior [ RunTime:0.000000s ]
INFO: [ app_init ] --END-- [ RunTime:0.001000s ]

[ 2017-05-01T16:42:37+08:00 ] ::1 /movie/recommend/index.php/Home/spider/img./p2389656488.jpg
INFO: [ app_init ] --START--
INFO: Run Behavior\BuildLiteBehavior [ RunTime:0.000000s ]
INFO: [ app_init ] --END-- [ RunTime:0.001000s ]

[ 2017-05-01T16:42:37+08:00 ] ::1 /movie/recommend/index.php/Home/spider/img./p2448634063.jpg
INFO: [ app_init ] --START--
INFO: Run Behavior\BuildLiteBehavior [ RunTime:0.000000s ]
INFO: [ app_init ] --END-- [ RunTime:0.004000s ]

[ 2017-05-01T16:42:37+08:00 ] ::1 /movie/recommend/index.php/Home/spider/img./p2390683986.jpg
INFO: [ app_init ] --START--
INFO: Run Behavior\BuildLiteBehavior [ RunTime:0.000000s ]
INFO: [ app_init ] --END-- [ RunTime:0.001000s ]

[ 2017-05-01T16:42:37+08:00 ] ::1 /movie/recommend/index.php/Home/spider/img./p2267158276.jpg
INFO: [ app_init ] --START--
INFO: Run Behavior\BuildLiteBehavior [ RunTime:0.001000s ]
INFO: [ app_init ] --END-- [ RunTime:0.001000s ]

[ 2017-05-01T16:42:37+08:00 ] ::1 /movie/recommend/index.php/Home/spider/img./p2347362651.jpg
INFO: [ app_init ] --START--
INFO: Run Behavior\BuildLiteBehavior [ RunTime:0.000000s ]
INFO: [ app_init ] --END-- [ RunTime:0.001000s ]

[ 2017-05-01T16:42:39+08:00 ] ::1 /movie/recommend/index.php/Home/spider/img./p2406971254.jpg
INFO: [ app_init ] --START--
INFO: Run Behavior\BuildLiteBehavior [ RunTime:0.000000s ]
INFO: [ app_init ] --END-- [ RunTime:0.001000s ]

[ 2017-05-01T16:42:39+08:00 ] ::1 /movie/recommend/index.php/Home/spider/img./p2300872752.jpg
INFO: [ app_init ] --START--
INFO: Run Behavior\BuildLiteBehavior [ RunTime:0.000000s ]
INFO: [ app_init ] --END-- [ RunTime:0.004000s ]

[ 2017-05-01T16:42:39+08:00 ] ::1 /movie/recommend/index.php/Home/spider/img./p2347362651.jpg
INFO: [ app_init ] --START--
INFO: Run Behavior\BuildLiteBehavior [ RunTime:0.000000s ]
INFO: [ app_init ] --END-- [ RunTime:0.002000s ]

[ 2017-05-01T16:42:39+08:00 ] ::1 /movie/recommend/index.php/Home/spider/img./p2448634063.jpg
INFO: [ app_init ] --START--
INFO: Run Behavior\BuildLiteBehavior [ RunTime:0.000000s ]
INFO: [ app_init ] --END-- [ RunTime:0.001000s ]

[ 2017-05-01T16:42:39+08:00 ] ::1 /movie/recommend/index.php/Home/spider/img./p2270201875.jpg
INFO: [ app_init ] --START--
INFO: Run Behavior\BuildLiteBehavior [ RunTime:0.000000s ]
INFO: [ app_init ] --END-- [ RunTime:0.002000s ]

[ 2017-05-01T16:42:39+08:00 ] ::1 /movie/recommend/index.php/Home/spider/img./p2267158276.jpg
INFO: [ app_init ] --START--
INFO: Run Behavior\BuildLiteBehavior [ RunTime:0.000000s ]
INFO: [ app_init ] --END-- [ RunTime:0.001000s ]

[ 2017-05-01T16:42:39+08:00 ] ::1 /movie/recommend/index.php/Home/spider/img./p2390683986.jpg
INFO: [ app_init ] --START--
INFO: Run Behavior\BuildLiteBehavior [ RunTime:0.000000s ]
INFO: [ app_init ] --END-- [ RunTime:0.001000s ]

[ 2017-05-01T16:42:39+08:00 ] ::1 /movie/recommend/index.php/Home/spider/img./p2389656488.jpg
INFO: [ app_init ] --START--
INFO: Run Behavior\BuildLiteBehavior [ RunTime:0.000000s ]
INFO: [ app_init ] --END-- [ RunTime:0.001000s ]

[ 2017-05-01T16:47:21+08:00 ] ::1 /movie/recommend/index.php/movie/recommend/Public/bootstrap/js/bootstrap.js
INFO: [ app_init ] --START--
INFO: Run Behavior\BuildLiteBehavior [ RunTime:0.000000s ]
INFO: [ app_init ] --END-- [ RunTime:0.001000s ]
ERR: 无法加载模块:Movie

[ 2017-05-01T16:47:25+08:00 ] ::1 /movie/recommend/index.php/Index/getDetail?id=3
INFO: [ app_init ] --START--
INFO: Run Behavior\BuildLiteBehavior [ RunTime:0.001000s ]
INFO: [ app_init ] --END-- [ RunTime:0.001000s ]
ERR: 无法加载模块:Index

[ 2017-05-01T16:47:48+08:00 ] ::1 /movie/recommend/index.php/movie/recommend/Public/bootstrap/js/bootstrap.js
INFO: [ app_init ] --START--
INFO: Run Behavior\BuildLiteBehavior [ RunTime:0.000000s ]
INFO: [ app_init ] --END-- [ RunTime:0.001000s ]
ERR: 无法加载模块:Movie

[ 2017-05-01T16:47:48+08:00 ] ::1 /movie/recommend/index.php/movie/recommend/Public/bootstrap/js/bootstrap.js
INFO: [ app_init ] --START--
INFO: Run Behavior\BuildLiteBehavior [ RunTime:0.000000s ]
INFO: [ app_init ] --END-- [ RunTime:0.001000s ]
ERR: 无法加载模块:Movie

[ 2017-05-01T16:47:48+08:00 ] ::1 /movie/recommend/index.php/movie/recommend/Public/bootstrap/js/bootstrap.js
INFO: [ app_init ] --START--
INFO: Run Behavior\BuildLiteBehavior [ RunTime:0.000000s ]
INFO: [ app_init ] --END-- [ RunTime:0.001000s ]
ERR: 无法加载模块:Movie

[ 2017-05-01T16:47:49+08:00 ] ::1 /movie/recommend/index.php/movie/recommend/Public/bootstrap/js/bootstrap.js
INFO: [ app_init ] --START--
INFO: Run Behavior\BuildLiteBehavior [ RunTime:0.000000s ]
INFO: [ app_init ] --END-- [ RunTime:0.001000s ]
ERR: 无法加载模块:Movie

[ 2017-05-01T16:47:50+08:00 ] ::1 /movie/recommend/index.php/Index/getDetail?id=3
INFO: [ app_init ] --START--
INFO: Run Behavior\BuildLiteBehavior [ RunTime:0.000000s ]
INFO: [ app_init ] --END-- [ RunTime:0.000000s ]
ERR: 无法加载模块:Index

